── recognizeHandwriting START uri=file:///data/user/0/com.letterlens.app/cache/ImageManipulator/b3bf77fc-85f0-4631-bad4-76311f4c8c19.jpg
EXIF orientation: 0
Original image: 1024x1365
Working size: 1024x1365 (scale=1.0)
Gray stats: min=115 max=164 mean=150
Adaptive thresh: winHalf=54 offset=5
Binary: inkPixels=7503 (0.54%)
Polarity: normal (dark-on-light)
After morph close (R=3): inkPixels=7808
Raw components: 44
  raw lbl=1 x=903 y=290 w=1 h=1 px=1
  raw lbl=2 x=608 y=472 w=1 h=2 px=2
  raw lbl=3 x=615 y=472 w=1 h=1 px=1
  raw lbl=4 x=607 y=489 w=1 h=1 px=1
  raw lbl=5 x=615 y=491 w=1 h=1 px=1
  raw lbl=6 x=615 y=512 w=1 h=1 px=1
  raw lbl=7 x=297 y=551 w=91 h=165 px=7708
  raw lbl=8 x=802 y=576 w=1 h=1 px=1
  raw lbl=9 x=799 y=579 w=2 h=4 px=7
  raw lbl=10 x=792 y=581 w=1 h=1 px=1
  raw lbl=11 x=928 y=584 w=1 h=1 px=1
  raw lbl=12 x=927 y=604 w=1 h=1 px=1
  raw lbl=13 x=727 y=872 w=1 h=1 px=1
  raw lbl=14 x=446 y=880 w=2 h=1 px=2
  raw lbl=15 x=459 y=885 w=1 h=1 px=1
  raw lbl=16 x=31 y=887 w=1 h=1 px=1
  raw lbl=17 x=248 y=937 w=1 h=1 px=1
  raw lbl=18 x=509 y=960 w=2 h=4 px=5
  raw lbl=19 x=583 y=960 w=1 h=1 px=1
  raw lbl=20 x=519 y=962 w=1 h=2 px=2
  raw lbl=21 x=512 y=964 w=1 h=1 px=1
  raw lbl=22 x=503 y=968 w=1 h=1 px=1
  raw lbl=23 x=552 y=968 w=1 h=1 px=1
  raw lbl=24 x=640 y=971 w=1 h=1 px=1
  raw lbl=25 x=544 y=976 w=1 h=1 px=1
  raw lbl=26 x=735 y=992 w=1 h=1 px=1
  raw lbl=27 x=654 y=1087 w=2 h=2 px=3
  raw lbl=28 x=478 y=1162 w=2 h=2 px=3
  raw lbl=29 x=536 y=1166 w=1 h=1 px=1
  raw lbl=30 x=542 y=1168 w=2 h=1 px=2
  raw lbl=31 x=599 y=1168 w=1 h=1 px=1
  raw lbl=32 x=672 y=1173 w=4 h=4 px=9
  raw lbl=33 x=569 y=1176 w=6 h=6 px=12
  raw lbl=34 x=663 y=1191 w=1 h=2 px=2
  raw lbl=35 x=902 y=1207 w=2 h=1 px=2
  raw lbl=36 x=616 y=1268 w=1 h=1 px=1
  raw lbl=37 x=608 y=1273 w=1 h=1 px=1
  raw lbl=38 x=615 y=1274 w=1 h=2 px=2
  raw lbl=39 x=678 y=1284 w=2 h=1 px=2
  raw lbl=40 x=881 y=1296 w=1 h=1 px=1
  raw lbl=41 x=874 y=1303 w=2 h=2 px=3
  raw lbl=42 x=559 y=1361 w=6 h=4 px=13
  raw lbl=43 x=530 y=1363 w=1 h=2 px=2
  raw lbl=44 x=572 y=1364 w=2 h=1 px=2
Filter: minDim=54.6 maxDim=1160.3 minPx=273 aspect=1/8..8
  REJECT lbl=1 reason=tiny_bw_bh bw=0 bh=0 px=1
  REJECT lbl=2 reason=tiny_bw_bh bw=0 bh=1 px=2
  REJECT lbl=3 reason=tiny_bw_bh bw=0 bh=0 px=1
  REJECT lbl=4 reason=tiny_bw_bh bw=0 bh=0 px=1
  REJECT lbl=5 reason=tiny_bw_bh bw=0 bh=0 px=1
  REJECT lbl=6 reason=tiny_bw_bh bw=0 bh=0 px=1
  REJECT lbl=8 reason=tiny_bw_bh bw=0 bh=0 px=1
  REJECT lbl=9 reason=tiny_bw_bh bw=1 bh=3 px=7
  REJECT lbl=10 reason=tiny_bw_bh bw=0 bh=0 px=1
  REJECT lbl=11 reason=tiny_bw_bh bw=0 bh=0 px=1
  REJECT lbl=12 reason=tiny_bw_bh bw=0 bh=0 px=1
  REJECT lbl=13 reason=tiny_bw_bh bw=0 bh=0 px=1
  REJECT lbl=14 reason=tiny_bw_bh bw=1 bh=0 px=2
  REJECT lbl=15 reason=tiny_bw_bh bw=0 bh=0 px=1
  REJECT lbl=16 reason=tiny_bw_bh bw=0 bh=0 px=1
  REJECT lbl=17 reason=tiny_bw_bh bw=0 bh=0 px=1
  REJECT lbl=18 reason=tiny_bw_bh bw=1 bh=3 px=5
  REJECT lbl=19 reason=tiny_bw_bh bw=0 bh=0 px=1
  REJECT lbl=20 reason=tiny_bw_bh bw=0 bh=1 px=2
  REJECT lbl=21 reason=tiny_bw_bh bw=0 bh=0 px=1
  REJECT lbl=22 reason=tiny_bw_bh bw=0 bh=0 px=1
  REJECT lbl=23 reason=tiny_bw_bh bw=0 bh=0 px=1
  REJECT lbl=24 reason=tiny_bw_bh bw=0 bh=0 px=1
  REJECT lbl=25 reason=tiny_bw_bh bw=0 bh=0 px=1
  REJECT lbl=26 reason=tiny_bw_bh bw=0 bh=0 px=1
  REJECT lbl=27 reason=tiny_bw_bh bw=1 bh=1 px=3
  REJECT lbl=28 reason=tiny_bw_bh bw=1 bh=1 px=3
  REJECT lbl=29 reason=tiny_bw_bh bw=0 bh=0 px=1
  REJECT lbl=30 reason=tiny_bw_bh bw=1 bh=0 px=2
  REJECT lbl=31 reason=tiny_bw_bh bw=0 bh=0 px=1
  REJECT lbl=32 reason=too_small_dim(3<55) bw=3 bh=3 px=9
  REJECT lbl=33 reason=too_small_dim(5<55) bw=5 bh=5 px=12
  REJECT lbl=34 reason=tiny_bw_bh bw=0 bh=1 px=2
  REJECT lbl=35 reason=tiny_bw_bh bw=1 bh=0 px=2
  REJECT lbl=36 reason=tiny_bw_bh bw=0 bh=0 px=1
  REJECT lbl=37 reason=tiny_bw_bh bw=0 bh=0 px=1
  REJECT lbl=38 reason=tiny_bw_bh bw=0 bh=1 px=2
  REJECT lbl=39 reason=tiny_bw_bh bw=1 bh=0 px=2
  REJECT lbl=40 reason=tiny_bw_bh bw=0 bh=0 px=1
  REJECT lbl=41 reason=tiny_bw_bh bw=1 bh=1 px=3
  REJECT lbl=42 reason=too_small_dim(5<55) bw=5 bh=3 px=13
  REJECT lbl=43 reason=tiny_bw_bh bw=0 bh=1 px=2
  REJECT lbl=44 reason=tiny_bw_bh bw=1 bh=0 px=2
After filter: 1 components
Merge: medH=165 gapMaxX=66.0 gapMaxY=247.5
After merge: 1 character groups
  group#0 x=297 y=551 w=91 h=165 members=[7]
Debug overlay saved: /storage/emulated/0/Android/data/com.letterlens.app/files/scanocr_debug_1781473670595.png
  grid grayscale: min=115 max=163 range=48
── recognizeHandwriting END count=1 took=995ms
[ScanOCR] Model loaded: uppercase letters (26 classes, took 0ms)
[ScanOCR]   Crop[0] pixel stats: 345/784 filled (44.0%), min=0.000 max=1.000 sum=138.2 avgNonZero=0.401
[ScanOCR]   Crop[0] 28x28 grid:
                                
                                
            ...........         
          ..............        
          ....+++++++....       
          ..++++++++++....      
          ..+####++++++...      
          ..+####+++++++..      
          ..+###++++++++..      
          ..+###++.+++++..      
          ..+++++..+++++..      
          ..+++++.++++++..      
          ..+++++++++++...      
          .++++++++++++...      
          .++####++++++..       
          .++####+++++...       
          .++####++++....       
          .++###+++.....        
          ..++##++......        
          ..++++++......        
          ..+++++.......        
          ..+++++.......        
          ..+++++.......        
          ..+++++.......        
          .........             
          .........             
                                
                                

[ScanOCR]   Crop[0] transposed (model input):
                                
                                
                                
                                
                                
                                
       .......................  
       ..........+++++........  
      ...+++++++++++++++++++..  
      ...+####++++####++++++..  
      ..++####++++#####+++++..  
      ..++####++++#####+++++..  
      ..++##++++++###+++++++..  
      ..++++++..++++++++......  
      ..+++++..+++++++........  
      ..+++++++++++++.......    
      ..+++++++++++++.......    
      ...+++++++++++........    
      ....+++++++++.........    
       ....+++++............    
        .............           
         .........              
                                
                                
                                
                                
                                
                                

[ScanOCR]   Crop[0] inference took 9ms
[ScanOCR]   Char[0] "B" @ 82.4% | bbox=(0.29,0.40,0.09,0.12) | probs[min=2.43e-7 max=8.24e-1 sum=1.000] | top5: B(82.4%) O(7.8%) P(5.1%) R(3.6%) Q(0.3%)
[ScanOCR]   Crop[0] full probs: A:0.2 B:82.4 C:0.0 D:0.3 E:0.1 F:0.0 G:0.0 H:0.0 I:0.0 J:0.0 K:0.0 L:0.0 M:0.0 N:0.0 O:7.8 P:5.1 Q:0.3 R:3.6 S:0.1 T:0.0 U:0.0 V:0.0 W:0.0 X:0.0 Y:0.0 Z:0.0
[ScanOCR] FINAL count=1 (raw=1) text="B" rawText="B"
[Camera] OCR result: 1 characters found, rawText: "B"
