── recognizeHandwriting START uri=file:///data/user/0/com.letterlens.app/cache/ImageManipulator/0794ff13-0561-4f3c-873c-e791f80d6c5a.jpg
EXIF orientation: 0
Original image: 1024x768
Working size: 1024x768 (scale=1.0)
Gray stats: min=123 max=172 mean=151
Adaptive thresh: winHalf=40 offset=5
Binary: inkPixels=4803 (0.61%)
Polarity: normal (dark-on-light)
After morph close (R=3): inkPixels=5312
Raw components: 165
  (skipping per-component dump; too many)
Filter: minDim=41.0 maxDim=870.4 minPx=204 aspect=1/8..8
After filter: 1 components
Merge: medH=107 gapMaxX=42.8 gapMaxY=160.5
After merge: 1 character groups
  group#0 x=480 y=305 w=128 h=107 members=[61]
Debug overlay saved: /storage/emulated/0/Android/data/com.letterlens.app/files/scanocr_debug_1781473393843.png
  grid grayscale: min=123 max=167 range=44
── recognizeHandwriting END count=1 took=803ms
[ScanOCR] Model loaded: uppercase letters (26 classes, took 70ms)
[ScanOCR]   Crop[0] pixel stats: 454/784 filled (57.9%), min=0.000 max=1.000 sum=185.1 avgNonZero=0.408
[ScanOCR]   Crop[0] 28x28 grid:
                                
                                
                                
      ..........                
      ............              
      ..++++++..............    
      ..+++++++++++.........    
      ..++###+++++++........    
      ..+++#++####+++++......   
      ..++++++####+++++++.....  
      ..+++.+++####+++++++++..  
      ..+...+++###+++++++#++..  
      ..+...+++##+++..++###+..  
      ..++....++#+++.+++###+..  
      ..+++...++++++++####++..  
      ..+++...++###+#####+++..  
      ..+++...+#######+++.....  
      ..+++++++######+++.....   
      ..++++++#####++.......    
      ..++#######++++.......    
      ..++####+++..+........    
      ..++##++..............    
      ..++++................    
      ..........                
      ........                  
                                
                                
                                

[ScanOCR]   Crop[0] transposed (model input):
                                
                                
       ......................   
       ......................   
       ..++++++++++++++++++..   
       ..++++++..++++++++++..   
       ..++#+++...+++++###+..   
       ..++##+.......++###+..   
       ..++#+++++....++##+...   
       ..++++++++....++##+...   
       ...++##++++++++##+...    
       ...++#####+++####+...    
        ..++######+#####+..     
        ..++####+++####+...     
         .++++#++++####+...     
         ..+++++++++##+++..     
         ...++++..+###++...     
         ...++++.++##+.....     
         ...++++++##++.....     
         ....+++++##++.....     
         ....+++####+......     
         .....+####+.......     
         .....++##++.......     
         .....++++++.......     
            ..........          
             ........           
                                
                                

[ScanOCR]   Crop[0] inference took 12ms
[ScanOCR]   Char[0] "B" @ 58.8% | bbox=(0.47,0.40,0.13,0.14) | probs[min=1.13e-7 max=5.88e-1 sum=1.000] | top5: B(58.8%) Q(25.6%) A(11.4%) R(1.9%) G(1.1%)
[ScanOCR]   Crop[0] full probs: A:11.4 B:58.8 C:0.0 D:0.3 E:0.1 F:0.0 G:1.1 H:0.0 I:0.0 J:0.0 K:0.0 L:0.0 M:0.2 N:0.0 O:0.4 P:0.1 Q:25.6 R:1.9 S:0.0 T:0.0 U:0.0 V:0.0 W:0.0 X:0.0 Y:0.0 Z:0.0
[ScanOCR] FINAL count=1 (raw=1) text="B" rawText="B"
[Camera] OCR result: 1 characters found, rawText: "B"
