── recognizeHandwriting START uri=file:///data/user/0/com.letterlens.app/cache/ImageManipulator/a4e68a6d-21c6-41ed-917e-039f49a17c57.jpg
EXIF orientation: 0
Original image: 1024x1365
Working size: 1024x1365 (scale=1.0)
Gray stats: min=105 max=166 mean=150
Adaptive thresh: winHalf=54 offset=5
Binary: inkPixels=11450 (0.82%)
Polarity: normal (dark-on-light)
After morph close (R=3): inkPixels=12557
Raw components: 74
  (skipping per-component dump; too many)
Filter: minDim=54.6 maxDim=1160.3 minPx=273 aspect=1/8..8
After filter: 1 components
Merge: medH=177 gapMaxX=70.8 gapMaxY=265.5
After merge: 1 character groups
  group#0 x=431 y=498 w=156 h=177 members=[11]
Debug overlay saved: /storage/emulated/0/Android/data/com.letterlens.app/files/scanocr_debug_1781473610422.png
  grid grayscale: min=105 max=164 range=59
── recognizeHandwriting END count=1 took=1007ms
[ScanOCR] Model loaded: uppercase letters (26 classes, took 0ms)
[ScanOCR]   Crop[0] pixel stats: 436/784 filled (55.6%), min=0.000 max=1.000 sum=141.7 avgNonZero=0.325
[ScanOCR]   Crop[0] 28x28 grid:
                                
                                
         .......   .......      
        ......... ........      
        ...+++.......+++...     
        ..+++++.....++++...     
        ..++++++....+++++..     
        ..++++++...+++++...     
        ...++++++.++++++...     
        ....+++++++++++...      
         ....++++##++++....     
          ...+++#####+...       
           ...++#####+.....     
           ....+#####++.....    
          ....+++###++++.....   
         ....+++++++++++++...   
        ....+++++++++++++++..   
       ....++++++...+++++++..   
       ...+++++++....++++++..   
       ..+++++++......+++++..   
       ..++++++.........+....   
       ..+++#++..............   
       ..+++++.............     
       ...+++..............     
       .........                
        .......                 
                                
                                

[ScanOCR]   Crop[0] transposed (model input):
                                
                                
                                
                     ........   
       .......      ..........  
      .........    ....++++...  
      ...+++....  ....++++++..  
      ..+++++........+++++++..  
      ..++++++......+++++#++..  
      ..++++++++...++++++++...  
      ...++++++++.++++++++....  
      ....++++++++++++++.....   
       .....+++###+++++.....    
        .....+#####++.......    
       .....++#####++.......    
      .....++++####++.......    
      ...++++++###++++......    
      ..+++++++++++++++.....    
      ..+++++++..+++++++....    
      ..+++++.....++++++....    
      ....+........++++++...    
      ......... ...+++++....    
        ..... . ....++++....    
                 .........      
                  ........      
                                
                                
                                

[ScanOCR]   Crop[0] inference took 7ms
[ScanOCR]   Char[0] "B" @ 42.2% | bbox=(0.42,0.36,0.15,0.13) | probs[min=1.44e-5 max=4.22e-1 sum=1.000] | top5: B(42.2%) X(17.8%) R(10.0%) Q(9.6%) S(7.0%)
[ScanOCR]   Crop[0] full probs: A:3.2 B:42.2 C:0.0 D:3.1 E:0.5 F:0.2 G:0.9 H:0.1 I:0.0 J:0.0 K:0.0 L:0.2 M:0.5 N:0.1 O:0.6 P:0.7 Q:9.6 R:10.0 S:7.0 T:0.0 U:0.5 V:0.0 W:0.1 X:17.8 Y:0.5 Z:2.0
[ScanOCR] FINAL count=1 (raw=1) text="B" rawText="B"
[Camera] OCR result: 1 characters found, rawText: "B"
