── recognizeHandwriting START uri=file:///data/user/0/com.letterlens.app/cache/ImageManipulator/78e5790d-619b-445d-8fea-7d7ac8cb9fbe.jpg
EXIF orientation: 0
Original image: 1024x1365
Working size: 1024x1365 (scale=1.0)
Gray stats: min=118 max=164 mean=150
Adaptive thresh: winHalf=54 offset=5
Binary: inkPixels=5002 (0.36%)
Polarity: normal (dark-on-light)
After morph close (R=3): inkPixels=5458
Raw components: 113
  (skipping per-component dump; too many)
Filter: minDim=54.6 maxDim=1160.3 minPx=273 aspect=1/8..8
After filter: 1 components
Merge: medH=130 gapMaxX=52.0 gapMaxY=195.0
After merge: 1 character groups
  group#0 x=418 y=423 w=88 h=130 members=[15]
Debug overlay saved: /storage/emulated/0/Android/data/com.letterlens.app/files/scanocr_debug_1781473632443.png
  grid grayscale: min=118 max=164 range=46
── recognizeHandwriting END count=1 took=974ms
[ScanOCR] Model loaded: uppercase letters (26 classes, took 0ms)
[ScanOCR]   Crop[0] pixel stats: 371/784 filled (47.3%), min=0.000 max=1.000 sum=130.1 avgNonZero=0.351
[ScanOCR]   Crop[0] 28x28 grid:
                                
                                
              .............     
          .................     
          ......+++++++++..     
          ..+++++++++++++..     
          ..++#++++++++++..     
          ..+###+++++++++..     
          ..+###++.........     
          ..+++++..........     
          ..++++.........       
         ...++++.........       
         ..++++++..++....       
         ..+++++++++++...       
         ..+####++++++...       
         ..+####++++++...       
         ..+####++++++...       
         ..+###++........       
         ..++++++........       
         ..++++++........       
         ..+##++.........       
         ..+##++.........       
         ..++++..........       
         ..++++..........       
         ........               
         ........               
                                
                                

[ScanOCR]   Crop[0] transposed (model input):
                                
                                
                                
                                
                                
               ...............  
       .......................  
       .........++++++++++++..  
       ..+++++++++####++##++..  
       ..++##+++++####++##++..  
      ...+###+++++####++++++..  
      ...++##+++++###+++++....  
      ..++++++..++++++++......  
      ..+++++....++++.......    
      ..++++.....++++.......    
      ..++++....+++++.......    
      ..++++....+++++.......    
      ..++++.....++++.......    
      ..++++................    
      ..++++................    
      ..++++................    
      ........                  
      ........                  
                                
                                
                                
                                
                                

[ScanOCR]   Crop[0] inference took 9ms
[ScanOCR]   Char[0] "B" @ 90.1% | bbox=(0.41,0.31,0.09,0.10) | probs[min=6.08e-9 max=9.01e-1 sum=1.000] | top5: B(90.1%) R(7.9%) E(1.1%) A(0.3%) G(0.2%)
[ScanOCR]   Crop[0] full probs: A:0.3 B:90.1 C:0.0 D:0.0 E:1.1 F:0.0 G:0.2 H:0.0 I:0.0 J:0.0 K:0.0 L:0.0 M:0.0 N:0.0 O:0.1 P:0.1 Q:0.1 R:7.9 S:0.1 T:0.0 U:0.0 V:0.0 W:0.0 X:0.0 Y:0.0 Z:0.0
[ScanOCR] FINAL count=1 (raw=1) text="B" rawText="B"
[Camera] OCR result: 1 characters found, rawText: "B"
