── recognizeHandwriting START uri=file:///data/user/0/com.letterlens.app/cache/ImageManipulator/227169cd-d1d6-4cfb-96a9-1230b7f5170e.jpg
EXIF orientation: 0
Original image: 1024x768
Working size: 1024x768 (scale=1.0)
Gray stats: min=96 max=167 mean=151
Adaptive thresh: winHalf=40 offset=5
Binary: inkPixels=10489 (1.33%)
Polarity: normal (dark-on-light)
After morph close (R=3): inkPixels=10762
Raw components: 36
  raw lbl=1 x=303 y=0 w=1 h=1 px=1
  raw lbl=2 x=464 y=0 w=1 h=2 px=2
  raw lbl=3 x=639 y=0 w=1 h=1 px=1
  raw lbl=4 x=551 y=14 w=1 h=1 px=1
  raw lbl=5 x=912 y=64 w=2 h=1 px=2
  raw lbl=6 x=749 y=176 w=1 h=1 px=1
  raw lbl=7 x=590 y=223 w=1 h=1 px=1
  raw lbl=8 x=68 y=255 w=1 h=1 px=1
  raw lbl=9 x=452 y=263 w=1 h=1 px=1
  raw lbl=10 x=639 y=275 w=1 h=1 px=1
  raw lbl=11 x=605 y=296 w=1 h=1 px=1
  raw lbl=12 x=938 y=304 w=2 h=1 px=2
  raw lbl=13 x=935 y=306 w=1 h=1 px=1
  raw lbl=14 x=946 y=310 w=1 h=2 px=2
  raw lbl=15 x=608 y=312 w=1 h=1 px=1
  raw lbl=16 x=937 y=315 w=1 h=1 px=1
  raw lbl=17 x=941 y=317 w=3 h=4 px=9
  raw lbl=18 x=951 y=319 w=4 h=2 px=6
  raw lbl=19 x=955 y=322 w=2 h=2 px=4
  raw lbl=20 x=938 y=328 w=2 h=1 px=2
  raw lbl=21 x=800 y=344 w=1 h=1 px=1
  raw lbl=22 x=240 y=351 w=1 h=1 px=1
  raw lbl=23 x=455 y=352 w=1 h=1 px=1
  raw lbl=24 x=711 y=415 w=1 h=1 px=1
  raw lbl=25 x=423 y=438 w=1 h=1 px=1
  raw lbl=26 x=841 y=503 w=1 h=1 px=1
  raw lbl=27 x=360 y=517 w=202 h=177 px=10697
  raw lbl=28 x=304 y=519 w=1 h=1 px=1
  raw lbl=29 x=319 y=575 w=1 h=1 px=1
  raw lbl=30 x=770 y=642 w=1 h=1 px=1
  raw lbl=31 x=784 y=655 w=1 h=1 px=1
  raw lbl=32 x=216 y=730 w=1 h=7 px=7
  raw lbl=33 x=223 y=738 w=2 h=2 px=3
  raw lbl=34 x=221 y=742 w=1 h=2 px=2
  raw lbl=35 x=0 y=752 w=1 h=1 px=1
  raw lbl=36 x=175 y=753 w=1 h=1 px=1
Filter: minDim=41.0 maxDim=870.4 minPx=204 aspect=1/8..8
  REJECT lbl=1 reason=tiny_bw_bh bw=0 bh=0 px=1
  REJECT lbl=2 reason=tiny_bw_bh bw=0 bh=1 px=2
  REJECT lbl=3 reason=tiny_bw_bh bw=0 bh=0 px=1
  REJECT lbl=4 reason=tiny_bw_bh bw=0 bh=0 px=1
  REJECT lbl=5 reason=tiny_bw_bh bw=1 bh=0 px=2
  REJECT lbl=6 reason=tiny_bw_bh bw=0 bh=0 px=1
  REJECT lbl=7 reason=tiny_bw_bh bw=0 bh=0 px=1
  REJECT lbl=8 reason=tiny_bw_bh bw=0 bh=0 px=1
  REJECT lbl=9 reason=tiny_bw_bh bw=0 bh=0 px=1
  REJECT lbl=10 reason=tiny_bw_bh bw=0 bh=0 px=1
  REJECT lbl=11 reason=tiny_bw_bh bw=0 bh=0 px=1
  REJECT lbl=12 reason=tiny_bw_bh bw=1 bh=0 px=2
  REJECT lbl=13 reason=tiny_bw_bh bw=0 bh=0 px=1
  REJECT lbl=14 reason=tiny_bw_bh bw=0 bh=1 px=2
  REJECT lbl=15 reason=tiny_bw_bh bw=0 bh=0 px=1
  REJECT lbl=16 reason=tiny_bw_bh bw=0 bh=0 px=1
  REJECT lbl=17 reason=too_small_dim(3<41) bw=2 bh=3 px=9
  REJECT lbl=18 reason=tiny_bw_bh bw=3 bh=1 px=6
  REJECT lbl=19 reason=tiny_bw_bh bw=1 bh=1 px=4
  REJECT lbl=20 reason=tiny_bw_bh bw=1 bh=0 px=2
  REJECT lbl=21 reason=tiny_bw_bh bw=0 bh=0 px=1
  REJECT lbl=22 reason=tiny_bw_bh bw=0 bh=0 px=1
  REJECT lbl=23 reason=tiny_bw_bh bw=0 bh=0 px=1
  REJECT lbl=24 reason=tiny_bw_bh bw=0 bh=0 px=1
  REJECT lbl=25 reason=tiny_bw_bh bw=0 bh=0 px=1
  REJECT lbl=26 reason=tiny_bw_bh bw=0 bh=0 px=1
  REJECT lbl=28 reason=tiny_bw_bh bw=0 bh=0 px=1
  REJECT lbl=29 reason=tiny_bw_bh bw=0 bh=0 px=1
  REJECT lbl=30 reason=tiny_bw_bh bw=0 bh=0 px=1
  REJECT lbl=31 reason=tiny_bw_bh bw=0 bh=0 px=1
  REJECT lbl=32 reason=tiny_bw_bh bw=0 bh=6 px=7
  REJECT lbl=33 reason=tiny_bw_bh bw=1 bh=1 px=3
  REJECT lbl=34 reason=tiny_bw_bh bw=0 bh=1 px=2
  REJECT lbl=35 reason=tiny_bw_bh bw=0 bh=0 px=1
  REJECT lbl=36 reason=tiny_bw_bh bw=0 bh=0 px=1
After filter: 1 components
Merge: medH=177 gapMaxX=70.8 gapMaxY=265.5
After merge: 1 character groups
  group#0 x=360 y=517 w=202 h=177 members=[27]
Debug overlay saved: /storage/emulated/0/Android/data/com.letterlens.app/files/scanocr_debug_1781473541308.png
  grid grayscale: min=96 max=167 range=71
── recognizeHandwriting END count=1 took=572ms
[ScanOCR] Model loaded: uppercase letters (26 classes, took 0ms)
[ScanOCR]   Crop[0] pixel stats: 457/784 filled (58.3%), min=0.000 max=1.000 sum=160.9 avgNonZero=0.352
[ScanOCR]   Crop[0] 28x28 grid:
                                
                                
                                
      .......                   
      .......                   
      ..+++.................    
      ..+++.................    
      ..+++.................    
      ..++++................    
      ..++++.. .............    
      ..++++.. .............    
      ..++++................    
      ..++++..................  
      ..++++++++++++++++++....  
      ..++##++++++++++++++++..  
      ..+####++++++++#####++..  
      ..+####++++++++++####+..  
      ..+####+++++++++++###+..  
      ..++##++..........+###..  
      ..++++++......++++####..  
       ..++++.......+++####+..  
       ..+++........++####++..  
       .............+++++++...  
       .......    ............  
                  ...........   
                                
                                
                                

[ScanOCR]   Crop[0] transposed (model input):
                                
                                
       .................        
       .....................    
       ..+++++++++++++++....    
       ..++++++++++###++++..    
       ..+++++++++#####+++..    
       .....++++++#####+++..    
       ..........++###+++...    
         ........+++++++....    
         ....  ..+++++.....     
         ........+++++.....     
         ........+++++.....     
         ........+++++.....     
         ........+++++.......   
         ........+++++.......   
         ........+++++.++++..   
         ........++#++.++++..   
         ........++#++.++#+..   
         ........++##+.+##+..   
         ........++###+###+..   
         ........++#######+..   
         .........++#####++..   
         .........++++##++...   
                .............   
                ............    
                                
                                

[ScanOCR]   Crop[0] inference took 4ms
[ScanOCR]   Char[0] "B" @ 98.4% | bbox=(0.35,0.67,0.20,0.23) | probs[min=2.34e-11 max=9.84e-1 sum=1.000] | top5: B(98.4%) A(0.6%) R(0.6%) Q(0.3%) G(0.1%)
[ScanOCR]   Crop[0] full probs: A:0.6 B:98.4 C:0.0 D:0.0 E:0.0 F:0.0 G:0.1 H:0.0 I:0.0 J:0.0 K:0.0 L:0.0 M:0.0 N:0.0 O:0.0 P:0.0 Q:0.3 R:0.6 S:0.0 T:0.0 U:0.0 V:0.0 W:0.0 X:0.0 Y:0.0 Z:0.0
[ScanOCR] FINAL count=1 (raw=1) text="B" rawText="B"
[Camera] OCR result: 1 characters found, rawText: "B"
