── recognizeHandwriting START uri=file:///data/user/0/com.letterlens.app/cache/ImageManipulator/576b6f3f-324a-4bb0-8184-4474fab2f6fc.jpg
EXIF orientation: 0
Original image: 768x576
Working size: 768x576 (scale=1.0)
Gray stats: min=109 max=172 mean=153
Adaptive thresh: winHalf=30 offset=5
Binary: inkPixels=2374 (0.54%)
Polarity: normal (dark-on-light)
After morph close (R=3): inkPixels=2436
Raw components: 14
  raw lbl=1 x=23 y=63 w=1 h=1 px=1
  raw lbl=2 x=16 y=151 w=1 h=1 px=1
  raw lbl=3 x=532 y=176 w=87 h=77 px=2408
  raw lbl=4 x=624 y=287 w=2 h=1 px=2
  raw lbl=5 x=708 y=288 w=2 h=1 px=2
  raw lbl=6 x=361 y=320 w=3 h=2 px=4
  raw lbl=7 x=272 y=341 w=1 h=1 px=1
  raw lbl=8 x=0 y=374 w=1 h=5 px=5
  raw lbl=9 x=279 y=400 w=2 h=1 px=2
  raw lbl=10 x=758 y=400 w=2 h=1 px=2
  raw lbl=11 x=0 y=405 w=2 h=4 px=5
  raw lbl=12 x=543 y=415 w=1 h=1 px=1
  raw lbl=13 x=591 y=415 w=1 h=1 px=1
  raw lbl=14 x=45 y=448 w=1 h=1 px=1
Filter: minDim=30.7 maxDim=652.8 minPx=153 aspect=1/8..8
  REJECT lbl=1 reason=tiny_bw_bh bw=0 bh=0 px=1
  REJECT lbl=2 reason=tiny_bw_bh bw=0 bh=0 px=1
  REJECT lbl=4 reason=tiny_bw_bh bw=1 bh=0 px=2
  REJECT lbl=5 reason=tiny_bw_bh bw=1 bh=0 px=2
  REJECT lbl=6 reason=tiny_bw_bh bw=2 bh=1 px=4
  REJECT lbl=7 reason=tiny_bw_bh bw=0 bh=0 px=1
  REJECT lbl=8 reason=tiny_bw_bh bw=0 bh=4 px=5
  REJECT lbl=9 reason=tiny_bw_bh bw=1 bh=0 px=2
  REJECT lbl=10 reason=tiny_bw_bh bw=1 bh=0 px=2
  REJECT lbl=11 reason=tiny_bw_bh bw=1 bh=3 px=5
  REJECT lbl=12 reason=tiny_bw_bh bw=0 bh=0 px=1
  REJECT lbl=13 reason=tiny_bw_bh bw=0 bh=0 px=1
  REJECT lbl=14 reason=tiny_bw_bh bw=0 bh=0 px=1
After filter: 1 components
Merge: medH=77 gapMaxX=30.8 gapMaxY=115.5
After merge: 1 character groups
  group#0 x=532 y=176 w=87 h=77 members=[3]
Debug overlay saved: /storage/emulated/0/Android/data/com.letterlens.app/files/scanocr_debug_1781470367973.png
  grid grayscale: min=129 max=170 range=41
── recognizeHandwriting END count=1 took=321ms
[ScanOCR] Model loaded: uppercase letters (26 classes, took 0ms)
[ScanOCR]   Crop[0] pixel stats: 428/784 filled (54.6%), min=0.000 max=1.000 sum=174.7 avgNonZero=0.408
[ScanOCR]   Crop[0] 28x28 grid:
                                
                                
                                
      ...........               
      ...............           
      ..+++++++..........  .    
      ..++##+++++++.........    
      ..+###++###+++++........  
      ..++#++#####++++++++....  
      ..+++++#####++++++++++..  
      ......++###+++++++###+..  
      ......+++##++...++###+..  
        .....++#++....++###+..  
        ......+++++++++++#++..  
        ......++++++++##++++..  
        ......++#####+++++....  
        ......+######++......   
      .......++#####++......    
      ....++++####+++....       
      ..++++++##++++.... .      
      ..++##++++......   ..     
      ..++++++...... . .....    
      ..++++......     .  ..    
      ..........                
      ........                  
                                
                                
                                

[ScanOCR]   Crop[0] transposed (model input):
                                
                                
       .........     ........   
       .........     ........   
       ..+++++.........++++..   
       ..++#++.........++++..   
       ..+###+........++#++..   
       ..+##++........++#++..   
       ..+++++++......++++...   
       ..+++##+++....+++++...   
       ..++####+++++++##+...    
       ...+######+++####+...    
       ...+#####+++####+...     
        ..++##+++++####+...     
        ..++++++.++###++..      
        ...++++..++###++..      
        ...++++..++##++..       
         ..++++..+++++....      
         ...++++++#++...        
         ...++++++#+.... ..     
         ...++###+++...  .      
          ..++####++.. ...      
          ...+###++...  ...     
         ....++++++...   ..     
           ..........           
           .........            
                                
                                

[ScanOCR]   Crop[0] inference took 4ms
[ScanOCR]   Char[0] "B" @ 44.3% | bbox=(0.69,0.31,0.11,0.13) | probs[min=2.28e-5 max=4.43e-1 sum=1.000] | top5: B(44.3%) Q(19.1%) R(10.3%) D(9.8%) A(9.2%)
[ScanOCR]   Crop[0] full probs: A:9.2 B:44.3 C:0.0 D:9.8 E:0.0 F:0.1 G:0.2 H:0.0 I:0.1 J:0.0 K:0.0 L:0.0 M:0.2 N:0.0 O:1.6 P:3.4 Q:19.1 R:10.3 S:0.1 T:0.0 U:0.2 V:0.0 W:0.0 X:0.1 Y:0.0 Z:1.2
[ScanOCR] FINAL count=1 (raw=1) text="B" rawText="B"
[Camera] OCR result: 1 characters found, rawText: "B"
