── recognizeHandwriting START uri=file:///data/user/0/com.letterlens.app/cache/ImageManipulator/4840a9c5-6cc7-4849-b351-ae6884c4ecb3.jpg
EXIF orientation: 0
Original image: 1024x1365
Working size: 1024x1365 (scale=1.0)
Gray stats: min=60 max=183 mean=146
Adaptive thresh: winHalf=54 offset=5
Binary: inkPixels=12435 (0.89%)
Polarity: normal (dark-on-light)
Line removal: detected 0 ruled lines (kernelW=819)
Line removal: skipped (0 ≤ 5 lines, not ruled paper)
After morph close (R=3): inkPixels=20606
Raw components: 2519
  (skipping per-component dump; too many)
Filter: minDim=54.6 maxDim=1160.3 minPx=273 aspect=1/8..8
After filter: 3 components
Merge: medH=68 gapMaxX=27.2 gapMaxY=102.0
  MERGE lbl=2087 + lbl=2187 dx=27 dy=0
After merge: 2 character groups
Keeping largest group only: 82x120 (dropped 1 smaller)
  group#0 x=305 y=629 w=82 h=120 members=[566]
Debug overlay saved: /storage/emulated/0/Android/data/com.letterlens.app/files/scanocr_debug_1781969829257.png
  grid: inkPx=4781/9840 (48.6%)
── recognizeHandwriting END count=1 took=1567ms
[ScanOCR] Model loaded: lowercase letters (26 classes, took 0ms)
[ScanOCR]   Crop[0] pixel stats: 220/784 filled (28.1%), min=0.000 max=1.000 sum=181.5 avgNonZero=0.825
[ScanOCR]   Crop[0] 28x28 grid:
                                
                                
                                
            ++++                
           +####+               
          +######+              
          +######+              
          +######+              
          +######+              
          +######+              
          +######+              
           +######+             
           +#######+++          
           +#######+##+         
           +#########++#+       
           +############+       
           +#############+      
           +#############+      
           +#############+      
           ############++       
           +##########+         
           +#########+          
           +#######++           
            +####++             
             ++++               
                                
                                
                                

[ScanOCR]   Crop[0] transposed (model input):
                                
                                
                                
                                
                                
                                
         ++++++                 
        +######++++++++#+++     
       +###################+    
       +####################+   
       +####################+   
       +####################+   
        +###################+   
         ++++++############+    
               +###########+    
                ++########+     
                +#########+     
                +#+######+      
                 ++#####+       
                  #####+        
                  ++###+        
                    +++         
                                
                                
                                
                                
                                
                                

[ScanOCR]   Crop[0] inference took 10ms
[ScanOCR]   Char[0] "b" @ 83.3% | bbox=(0.30,0.46,0.08,0.09) | probs[min=2.35e-4 max=8.33e-1 sum=1.000] | top5: b(83.3%) r(3.0%) s(2.7%) z(2.2%) e(2.1%)
[ScanOCR]   Crop[0] full probs: a:0.3 b:83.3 c:0.4 d:0.1 e:2.1 f:0.2 g:0.5 h:0.8 i:0.1 j:0.0 k:0.4 l:0.1 m:0.1 n:0.2 o:0.6 p:1.3 q:1.2 r:3.0 s:2.7 t:0.2 u:0.1 v:0.2 w:0.1 x:0.0 y:0.0 z:2.2
[ScanOCR] FINAL count=1 (raw=1) text="b" rawText="b"
[Camera] OCR result: 1 characters found, rawText: "b"
