── recognizeHandwriting START uri=file:///data/user/0/com.letterlens.app/cache/ImageManipulator/460d6b8b-00a5-4a54-8a40-696b1023c9f4.jpg
EXIF orientation: 0
Original image: 1024x1365
Working size: 1024x1365 (scale=1.0)
Gray stats: min=78 max=183 mean=146
Adaptive thresh: winHalf=54 offset=5
Binary: inkPixels=9122 (0.65%)
Polarity: normal (dark-on-light)
Line removal: detected 0 ruled lines (kernelW=819)
Line removal: skipped (0 ≤ 5 lines, not ruled paper)
After morph close (R=3): inkPixels=10595
Raw components: 1064
  (skipping per-component dump; too many)
Filter: minDim=54.6 maxDim=1160.3 minPx=273 aspect=1/8..8
After filter: 1 components
Merge: medH=188 gapMaxX=75.2 gapMaxY=282.0
After merge: 1 character groups
  group#0 x=350 y=547 w=70 h=188 members=[191]
Debug overlay saved: /storage/emulated/0/Android/data/com.letterlens.app/files/scanocr_debug_1781969843849.png
  grid: inkPx=7698/13160 (58.5%)
── recognizeHandwriting END count=1 took=1391ms
[ScanOCR] Model loaded: lowercase letters (26 classes, took 0ms)
[ScanOCR]   Crop[0] pixel stats: 181/784 filled (23.1%), min=0.000 max=1.000 sum=141.8 avgNonZero=0.783
[ScanOCR]   Crop[0] 28x28 grid:
                                
                                
                                
              ++++              
             +####+             
             +####++++          
             +########+         
             +########+         
             +########+         
              +#######+         
              +#######+         
               ++#####+         
                 +####+         
                ++####+         
               +######+         
              +######++         
             +########+         
             +########+         
             +####+##+          
             +#######+          
             +#######+          
             +#######+          
             +#######+          
              +####++           
               ++++             
                                
                                
                                

[ScanOCR]   Crop[0] transposed (model input):
                                
                                
                                
                                
                                
                                
                                
                                
                                
        +++++       +++++++     
       +#####++    +#######+    
       +#######+  +#########+   
       +#######+ +##########+   
       +########++##########+   
        ++############+#####+   
         +#################+    
         +#################+    
         +#########+##+++++     
          ++++++++++++          
                                
                                
                                
                                
                                
                                
                                
                                
                                

[ScanOCR]   Crop[0] inference took 10ms
[ScanOCR]   Char[0] "g" @ 60.6% | bbox=(0.34,0.40,0.07,0.14) | probs[min=8.05e-6 max=6.06e-1 sum=1.000] | top5: g(60.6%) q(14.7%) y(7.9%) a(7.3%) z(3.8%)
[ScanOCR]   Crop[0] full probs: a:7.3 b:0.3 c:0.0 d:1.3 e:0.1 f:0.2 g:60.6 h:0.0 i:0.1 j:1.7 k:0.0 l:0.0 m:0.0 n:0.0 o:0.6 p:0.1 q:14.7 r:0.0 s:0.7 t:0.1 u:0.2 v:0.1 w:0.1 x:0.0 y:7.9 z:3.8
[ScanOCR] FINAL count=1 (raw=1) text="g" rawText="g"
[Camera] OCR result: 1 characters found, rawText: "g"
