── recognizeHandwriting START uri=file:///data/user/0/com.letterlens.app/cache/ImageManipulator/d74a6d9e-7f11-42d3-917c-8ac1671779fe.jpg
EXIF orientation: 0
Original image: 576x576
Working size: 576x576 (scale=1.0)
Gray stats: min=102 max=159 mean=144
Adaptive thresh: winHalf=23 offset=5
Binary: inkPixels=2976 (0.90%)
Crease rejection: removed 9 weak pixels (thresh=142, range=57)
Polarity: normal (dark-on-light)
Line removal: detected 0 ruled lines (kernelW=460)
Line removal: skipped (0 ≤ 5 lines, not ruled paper)
After morph close (R=2): inkPixels=3584
Raw components: 87
  (skipping per-component dump; too many)
Filter: minDim=17.3 maxDim=489.6 minPx=86 aspect=1/5..5 edgeMargin=28
After filter: 2 components
Merge: medH=131 gapMaxX=78.6 gapMaxY=196.5
  MERGE lbl=18 + lbl=33 dx=0 dy=0
After merge: 1 character groups
  group#0 x=246 y=219 w=83 h=131 members=[18, 33]
Debug overlay saved: /storage/emulated/0/Android/data/com.letterlens.app/files/scanocr_debug_1782084850957.png
  grid: inkPx=3437/10873 (31.6%)
  28x28 grid:
                                
                                
                                
                 ..             
               ..##.            
              .#####.           
              .#####.           
              .#####.           
               .####.           
               .####.           
               .####...         
               .###.###         
              ...#####..        
             .#########.        
             .#########.        
            .##########.        
            .####.####..        
           .#####....##.        
           .#####.  .###.       
           .####.  .#####.      
          .#####.  .#####.      
          .#####.   .##.#.      
          .#.###.    ...        
            .###.               
             ...                
                                
                                
                                

── recognizeHandwriting END count=1 took=1634ms
[ScanOCR] Model loaded: uppercase letters (26 classes, took 58ms)
[ScanOCR]   Crop[0] pixel stats: 195/784 filled (24.9%), min=0.000 max=1.000 sum=146.0 avgNonZero=0.749
[ScanOCR]   Crop[0] inference took 26ms
[ScanOCR]   Char[0] "G" @ 39.9% | bbox=(0.43,0.38,0.14,0.23) | probs[min=2.23e-5 max=3.99e-1 sum=1.000] | top5: G(39.9%) E(17.9%) F(13.9%) Q(9.7%) M(7.8%)
[ScanOCR] FINAL count=1 (raw=1) text="G" rawText="G"
[Camera] OCR result: 1 characters found, rawText: "G"
