── recognizeHandwriting START uri=file:///data/user/0/com.letterlens.app/cache/ImageManipulator/2440f637-afd3-42bc-a3fd-2f80b47c18fc.jpg
EXIF orientation: 0
Original image: 576x576
Working size: 576x576 (scale=1.0)
Gray stats: min=89 max=158 mean=126
Adaptive thresh: winHalf=23 offset=5
Binary: inkPixels=5226 (1.58%)
Polarity: normal (dark-on-light)
Line removal: detected 0 ruled lines (kernelW=460)
Line removal: skipped (0 ≤ 5 lines, not ruled paper)
After morph close (R=2): inkPixels=8123
Raw components: 619
  (skipping per-component dump; too many)
Filter: minDim=17.3 maxDim=489.6 minPx=86 aspect=1/5..5 edgeMargin=28
After filter: 2 components
Merge: medH=153 gapMaxX=91.8 gapMaxY=229.5
  MERGE lbl=226 + lbl=248 dx=0 dy=0
After merge: 1 character groups
  RECOVER lbl=210 (5x2, 12px) into group
  RECOVER lbl=232 (3x4, 13px) into group
  RECOVER lbl=382 (4x8, 17px) into group
  RECOVER lbl=423 (4x6, 13px) into group
  RECOVER lbl=473 (12x7, 36px) into group
  group#0 x=204 y=202 w=133 h=226 members=[226, 248, 210, 232, 382, 423, 473]
Debug overlay saved: /storage/emulated/0/Android/data/com.letterlens.app/files/scanocr_debug_1782084935975.png
  grid: inkPx=6148/30058 (20.5%)
  grid cleaned: removed 5 isolated pixels
  28x28 grid:
                                
                                
                                
                     ..         
                 .#..##         
           .#.  .#####.         
           .##. .#####.         
           .###. ..###.         
           .###.   .##.         
           .###.   .###.        
           .###. ...###.        
           .###..######.        
           .###########.        
           ..###########.       
           .####.....###.       
           .###.    .###.       
           ..##.    .###.       
            ####.   .###.       
            .###.    .#.        
            .###.               
             .#.                
                                
                                
                                
                                
                                
                                
                                

── recognizeHandwriting END count=1 took=254ms
[ScanOCR] Model loaded: uppercase letters (26 classes, took 0ms)
[ScanOCR]   Crop[0] pixel stats: 171/784 filled (21.8%), min=0.000 max=1.000 sum=123.4 avgNonZero=0.722
[ScanOCR]   Crop[0] inference took 8ms
[ScanOCR]   Char[0] "I" @ 63.7% | bbox=(0.35,0.35,0.23,0.39) | probs[min=1.15e-6 max=6.37e-1 sum=1.000] | top5: I(63.7%) F(31.2%) E(4.0%) G(0.3%) J(0.3%)
[ScanOCR] FINAL count=1 (raw=1) text="I" rawText="I"
[Camera] OCR result: 1 characters found, rawText: "I"
