── recognizeHandwriting START uri=file:///data/user/0/com.letterlens.app/cache/ImageManipulator/127a6070-7801-4ee2-9d87-1fa99ca327c4.jpg
EXIF orientation: 0
Original image: 432x432
Working size: 432x432 (scale=1.0)
Gray stats: min=129 max=169 mean=151
Adaptive thresh: winHalf=17 offset=5
Binary: inkPixels=963 (0.52%)
Polarity: normal (dark-on-light)
Line removal: detected 0 ruled lines (kernelW=345)
Line removal: skipped (0 ≤ 5 lines, not ruled paper)
After morph close (R=2): inkPixels=1505
Raw components: 5
  raw lbl=1 x=236 y=56 w=1 h=1 px=1
  raw lbl=2 x=7 y=96 w=1 h=2 px=2
  raw lbl=3 x=168 y=148 w=1 h=1 px=1
  raw lbl=4 x=158 y=151 w=100 h=59 px=1500
  raw lbl=5 x=175 y=205 w=1 h=1 px=1
Filter: minDim=17.3 maxDim=367.2 minPx=86 aspect=1/5..5 edgeMargin=21
  REJECT lbl=1 reason=tiny_bw_bh bw=0 bh=0 px=1
  REJECT lbl=2 reason=tiny_bw_bh bw=0 bh=1 px=2
  REJECT lbl=3 reason=tiny_bw_bh bw=0 bh=0 px=1
  REJECT lbl=5 reason=tiny_bw_bh bw=0 bh=0 px=1
After filter: 1 components
Merge: medH=59 gapMaxX=23.6 gapMaxY=88.5
After merge: 1 character groups
  group#0 x=158 y=151 w=100 h=59 members=[4]
Debug overlay saved: /storage/emulated/0/Android/data/com.letterlens.app/files/scanocr_debug_1781988845169.png
  grid: inkPx=1501/5900 (25.4%)
── recognizeHandwriting END count=1 took=183ms
[ScanOCR] Model loaded: uppercase letters (26 classes, took 0ms)
[ScanOCR]   Crop[0] pixel stats: 166/784 filled (21.2%), min=0.000 max=1.000 sum=121.9 avgNonZero=0.734
[ScanOCR]   Crop[0] inference took 8ms
[ScanOCR]   Char[0] "M" @ 92.7% | bbox=(0.37,0.35,0.23,0.14) | probs[min=8.29e-8 max=9.27e-1 sum=1.000] | top5: M(92.7%) U(4.5%) W(2.0%) G(0.7%) Q(0.0%)
[ScanOCR] FINAL count=1 (raw=1) text="M" rawText="M"
[Camera] OCR result: 1 characters found, rawText: "M"
