── recognizeHandwriting START uri=file:///data/user/0/com.letterlens.app/cache/ImageManipulator/204f56d0-bef4-440b-8610-59339badd3db.jpg
EXIF orientation: 0
Original image: 576x576
Working size: 576x576 (scale=1.0)
Gray stats: min=102 max=171 mean=152
Adaptive thresh: winHalf=23 offset=5
Binary: inkPixels=6976 (2.10%)
Polarity: normal (dark-on-light)
Line removal: detected 0 ruled lines (kernelW=460)
Line removal: skipped (0 ≤ 5 lines, not ruled paper)
After morph close (R=2): inkPixels=7677
Raw components: 60
  (skipping per-component dump; too many)
Filter: minDim=17.3 maxDim=489.6 minPx=86 aspect=1/5..5 edgeMargin=28
After filter: 2 components
Merge: medH=240 gapMaxX=144.0 gapMaxY=360.0
  MERGE lbl=15 + lbl=16 dx=0 dy=0
After merge: 1 character groups
  RECOVER lbl=20 (1x2, 6px) into group
  group#0 x=143 y=193 w=190 h=245 members=[15, 16, 20]
Debug overlay saved: /storage/emulated/0/Android/data/com.letterlens.app/files/scanocr_debug_1781991502394.png
  grid: inkPx=7609/46550 (16.3%)
  28x28 grid:
                                
                                
                                
          ...     ...           
         .###.   .###.          
         .###.   .###. #..      
         .####.  .###. .##.     
          .###. .###.  .##.     
          .####..###.   .#.     
           .####.###.   ..      
            .###.##.    #       
            .######.            
             ..####.            
              .###.             
              .###. ..          
              .###. ##          
           # .###.  ...         
             .###.    .#.       
             .###.    ##.       
            .###.     ..        
            .###.               
           .####.               
           .###.                
           .###.                
            ...                 
                                
                                
                                

── recognizeHandwriting END count=1 took=251ms
[ScanOCR] Model loaded: uppercase letters (26 classes, took 0ms)
[ScanOCR]   Crop[0] pixel stats: 183/784 filled (23.3%), min=0.000 max=1.000 sum=125.6 avgNonZero=0.686
[ScanOCR]   Crop[0] inference took 5ms
[ScanOCR]   Char[0] "F" @ 56.4% | bbox=(0.25,0.34,0.33,0.43) | probs[min=1.35e-7 max=5.64e-1 sum=1.000] | top5: F(56.4%) X(26.7%) Y(11.3%) H(3.6%) E(0.4%)
[ScanOCR] FINAL count=1 (raw=1) text="F" rawText="F"
[Camera] OCR result: 1 characters found, rawText: "F"
