── recognizeHandwriting START uri=file:///data/user/0/com.letterlens.app/cache/ImageManipulator/8dc74630-a75d-4249-a527-7f1d98abc160.jpg
EXIF orientation: 0
Original image: 576x576
Working size: 576x576 (scale=1.0)
Gray stats: min=121 max=178 mean=153
Adaptive thresh: winHalf=23 offset=5
Binary: inkPixels=1663 (0.50%)
Polarity: normal (dark-on-light)
Line removal: detected 0 ruled lines (kernelW=460)
Line removal: skipped (0 ≤ 5 lines, not ruled paper)
After morph close (R=2): inkPixels=2130
Raw components: 24
  raw lbl=1 x=109 y=3 w=6 h=11 px=34
  raw lbl=2 x=119 y=27 w=1 h=1 px=1
  raw lbl=3 x=303 y=87 w=1 h=1 px=1
  raw lbl=4 x=155 y=196 w=45 h=53 px=1147
  raw lbl=5 x=187 y=210 w=1 h=2 px=2
  raw lbl=6 x=119 y=226 w=1 h=8 px=8
  raw lbl=7 x=320 y=231 w=1 h=1 px=1
  raw lbl=8 x=119 y=240 w=1 h=1 px=1
  raw lbl=9 x=211 y=246 w=1 h=1 px=1
  raw lbl=10 x=157 y=250 w=60 h=30 px=870
  raw lbl=11 x=151 y=313 w=1 h=2 px=2
  raw lbl=12 x=496 y=358 w=1 h=1 px=1
  raw lbl=13 x=384 y=366 w=1 h=1 px=1
  raw lbl=14 x=155 y=400 w=1 h=1 px=1
  raw lbl=15 x=559 y=415 w=1 h=1 px=1
  raw lbl=16 x=503 y=416 w=1 h=1 px=1
  raw lbl=17 x=123 y=420 w=1 h=1 px=1
  raw lbl=18 x=261 y=421 w=1 h=2 px=2
  raw lbl=19 x=120 y=439 w=1 h=2 px=2
  raw lbl=20 x=112 y=441 w=2 h=2 px=3
  raw lbl=21 x=114 y=446 w=7 h=11 px=45
  raw lbl=22 x=127 y=448 w=1 h=1 px=1
  raw lbl=23 x=126 y=455 w=1 h=2 px=2
  raw lbl=24 x=120 y=459 w=1 h=1 px=1
Filter: minDim=17.3 maxDim=489.6 minPx=86 aspect=1/5..5 edgeMargin=28
  REJECT lbl=1 reason=too_small_dim(10<17) bw=5 bh=10 px=34
  REJECT lbl=2 reason=tiny_bw_bh bw=0 bh=0 px=1
  REJECT lbl=3 reason=tiny_bw_bh bw=0 bh=0 px=1
  REJECT lbl=5 reason=tiny_bw_bh bw=0 bh=1 px=2
  REJECT lbl=6 reason=tiny_bw_bh bw=0 bh=7 px=8
  REJECT lbl=7 reason=tiny_bw_bh bw=0 bh=0 px=1
  REJECT lbl=8 reason=tiny_bw_bh bw=0 bh=0 px=1
  REJECT lbl=9 reason=tiny_bw_bh bw=0 bh=0 px=1
  REJECT lbl=11 reason=tiny_bw_bh bw=0 bh=1 px=2
  REJECT lbl=12 reason=tiny_bw_bh bw=0 bh=0 px=1
  REJECT lbl=13 reason=tiny_bw_bh bw=0 bh=0 px=1
  REJECT lbl=14 reason=tiny_bw_bh bw=0 bh=0 px=1
  REJECT lbl=15 reason=tiny_bw_bh bw=0 bh=0 px=1
  REJECT lbl=16 reason=tiny_bw_bh bw=0 bh=0 px=1
  REJECT lbl=17 reason=tiny_bw_bh bw=0 bh=0 px=1
  REJECT lbl=18 reason=tiny_bw_bh bw=0 bh=1 px=2
  REJECT lbl=19 reason=tiny_bw_bh bw=0 bh=1 px=2
  REJECT lbl=20 reason=tiny_bw_bh bw=1 bh=1 px=3
  REJECT lbl=21 reason=too_small_dim(10<17) bw=6 bh=10 px=45
  REJECT lbl=22 reason=tiny_bw_bh bw=0 bh=0 px=1
  REJECT lbl=23 reason=tiny_bw_bh bw=0 bh=1 px=2
  REJECT lbl=24 reason=tiny_bw_bh bw=0 bh=0 px=1
After filter: 2 components
Merge: medH=53 gapMaxX=31.8 gapMaxY=79.5
  MERGE lbl=4 + lbl=10 dx=0 dy=2
After merge: 1 character groups
  group#0 x=155 y=196 w=62 h=84 members=[4, 10]
Debug overlay saved: /storage/emulated/0/Android/data/com.letterlens.app/files/scanocr_debug_1781991670024.png
  grid: inkPx=2020/5208 (38.8%)
  28x28 grid:
                                
                                
                                
            .....               
           .#####.              
          .######.              
          .######..             
         .#########             
         .########.             
         .######..              
          .###........          
          .##.########.         
          .###########.         
          .##########.          
          .######.##.           
          .######.#.  .#.       
          .####...   ..#.       
          .#....    .####.      
          .#####.. .#####.      
          .#######..######      
          .#############..      
          .#############.       
           .######.####.        
            .###...#...         
             ...                
                                
                                
                                

── recognizeHandwriting END count=1 took=271ms
[ScanOCR] Model loaded: uppercase letters (26 classes, took 0ms)
[ScanOCR]   Crop[0] pixel stats: 245/784 filled (31.3%), min=0.000 max=1.000 sum=187.6 avgNonZero=0.766
[ScanOCR]   Crop[0] inference took 8ms
[ScanOCR]   Char[0] "E" @ 87.1% | bbox=(0.27,0.34,0.11,0.15) | probs[min=2.69e-10 max=8.71e-1 sum=1.000] | top5: E(87.1%) G(12.5%) B(0.2%) Q(0.1%) W(0.0%)
[ScanOCR] FINAL count=1 (raw=1) text="E" rawText="E"
[Camera] OCR result: 1 characters found, rawText: "E"
