── recognizeHandwriting START uri=file:///data/user/0/com.letterlens.app/cache/ImageManipulator/68152397-6118-46f7-9b52-e2a894eda79a.jpg
EXIF orientation: 0
Original image: 576x576
Working size: 576x576 (scale=1.0)
Gray stats: min=79 max=189 mean=130
Adaptive thresh: winHalf=23 offset=5
Binary: inkPixels=2981 (0.90%)
Crease rejection: removed 3 weak pixels (thresh=156, range=110)
Polarity: normal (dark-on-light)
Line removal: detected 0 ruled lines (kernelW=460)
Line removal: skipped (0 ≤ 5 lines, not ruled paper)
After morph close (R=2): inkPixels=5574
Raw components: 180
  (skipping per-component dump; too many)
Filter: minDim=17.3 maxDim=489.6 minPx=86 aspect=1/5..5 edgeMargin=28
After filter: 11 components
Merge: medH=21 gapMaxX=12.6 gapMaxY=31.5
  MERGE lbl=8 + lbl=9 dx=6 dy=0
  MERGE lbl=16 + lbl=41 dx=11 dy=0
  MERGE lbl=41 + lbl=94 dx=1 dy=0
  MERGE lbl=112 + lbl=119 dx=0 dy=4
  MERGE lbl=112 + lbl=124 dx=1 dy=15
  MERGE lbl=115 + lbl=124 dx=0 dy=6
  MERGE lbl=119 + lbl=124 dx=9 dy=0
After merge: 5 character groups
Keeping densest group: 110x126 ink=3359 (dropped 4 others)
  group#0 x=231 y=302 w=110 h=126 members=[112, 115, 119, 124]
Debug overlay saved: /storage/emulated/0/Android/data/com.letterlens.app/files/scanocr_debug_1782686043803.png
  grid: inkPx=3359/13860 (24.2%)
  28x28 grid:
                                
                                
                                
                    ....        
         ....       ####.       
        .####.      .###.       
        .####.      .####       
        .####.      .###.       
        .####.      .###.       
        ..###.      .###.       
         ####.      ...#.       
         ..#..   ....###.       
          .###...####.##..      
         .################.     
         .###########.####.     
         .#####.####...###.     
         .####......  .###.     
         .###.        .###.     
         .###.        .###.     
         .###.        .####.    
         .####.        .###.    
         .####.        .##.     
          .####.        ..      
          .####.                
           ....                 
                                
                                
                                

── recognizeHandwriting END count=1 took=253ms
[ScanOCR] Model loaded: uppercase letters (26 classes, took 0ms)
[ScanOCR]   Crop[0] pixel stats: 247/784 filled (31.5%), min=0.000 max=1.000 sum=177.0 avgNonZero=0.717
[ScanOCR]   Crop[0] inference took 7ms
[ScanOCR]   Char[0] "H" @ 99.8% | bbox=(0.40,0.52,0.19,0.22) | probs[min=1.90e-9 max=9.98e-1 sum=1.000] | top5: H(99.8%) A(0.2%) M(0.0%) K(0.0%) W(0.0%)
[ScanOCR] FINAL count=1 (raw=1) text="H" rawText="H"
[Camera] OCR result: 1 characters found, rawText: "H"
