── recognizeHandwriting START uri=file:///data/user/0/com.letterlens.app/cache/ImageManipulator/f7650976-c92d-4dc4-8f34-a70ff139acc9.jpg
EXIF orientation: 0
Original image: 576x768
Working size: 576x768 (scale=1.0)
Gray stats: min=118 max=173 mean=149
Adaptive thresh: winHalf=30 offset=5
Binary: inkPixels=3432 (0.78%)
Polarity: normal (dark-on-light)
Line removal: detected 0 ruled lines (kernelW=460)
Line removal: skipped (0 ≤ 5 lines, not ruled paper)
After morph close (R=3): inkPixels=4490
Raw components: 90
  (skipping per-component dump; too many)
Filter: minDim=30.7 maxDim=652.8 minPx=153 aspect=1/5..5 edgeMargin=38
After filter: 4 components
Merge: medH=42 gapMaxX=16.8 gapMaxY=63.0
  MERGE lbl=13 + lbl=30 dx=0 dy=12
  MERGE lbl=13 + lbl=47 dx=16 dy=59
  MERGE lbl=30 + lbl=51 dx=0 dy=16
  MERGE lbl=47 + lbl=51 dx=13 dy=0
After merge: 1 character groups
  group#0 x=144 y=308 w=103 h=148 members=[13, 30, 47, 51]
Debug overlay saved: /storage/emulated/0/Android/data/com.letterlens.app/files/scanocr_debug_1781976591444.png
  grid: inkPx=4348/15244 (28.5%)
── recognizeHandwriting END count=1 took=358ms
[ScanOCR] Model loaded: uppercase letters (26 classes, took 0ms)
[ScanOCR]   Crop[0] pixel stats: 252/784 filled (32.1%), min=0.000 max=1.000 sum=183.4 avgNonZero=0.728
[ScanOCR]   Crop[0] inference took 8ms
[ScanOCR]   Char[0] "E" @ 75.0% | bbox=(0.25,0.40,0.18,0.19) | probs[min=5.84e-10 max=7.50e-1 sum=1.000] | top5: E(75.0%) G(24.2%) S(0.4%) B(0.2%) Q(0.2%)
[ScanOCR] FINAL count=1 (raw=1) text="E" rawText="E"
[Camera] OCR result: 1 characters found, rawText: "E"
