── recognizeHandwriting START uri=file:///data/user/0/com.letterlens.app/cache/ImageManipulator/ccd4307b-d554-40c2-8e99-46b1b4815036.jpg
EXIF orientation: 0
Original image: 1024x1365
Working size: 1024x1365 (scale=1.0)
Gray stats: min=60 max=193 mean=145
Adaptive thresh: winHalf=54 offset=5
Binary: inkPixels=12703 (0.91%)
Polarity: normal (dark-on-light)
Line removal: detected 0 ruled lines (kernelW=819)
Line removal: skipped (0 ≤ 5 lines, not ruled paper)
After morph close (R=3): inkPixels=18298
Raw components: 1619
  (skipping per-component dump; too many)
Filter: minDim=54.6 maxDim=1160.3 minPx=273 aspect=1/8..8
After filter: 3 components
Merge: medH=118 gapMaxX=47.2 gapMaxY=177.0
  MERGE lbl=3 + lbl=142 dx=0 dy=17
After merge: 2 character groups
Keeping largest group only: 103x339 (dropped 1 smaller)
  group#0 x=921 y=0 w=103 h=339 members=[3, 142]
Debug overlay saved: /storage/emulated/0/Android/data/com.letterlens.app/files/scanocr_debug_1781969859620.png
  grid: inkPx=6722/34917 (19.3%)
── recognizeHandwriting END count=1 took=1404ms
[ScanOCR] Model loaded: lowercase letters (26 classes, took 0ms)
[ScanOCR]   Crop[0] pixel stats: 156/784 filled (19.9%), min=0.000 max=1.000 sum=107.0 avgNonZero=0.686
[ScanOCR]   Crop[0] 28x28 grid:
                                
                                
                                
              +++++++           
              #######+          
             ++##+###+          
              ##+++##+          
             ++#+ +##+          
              ###++##+          
              +##+ +#+          
              +##+ +#+          
              +### +#+          
              +##+ +#+          
              +##+++#+          
              +####+#+          
             +####++#+          
             +#######+          
             +######+           
              +####+            
              +####+            
               +####            
               +###++           
               +####+           
                +####           
                 ++++           
                                
                                
                                

[ScanOCR]   Crop[0] transposed (model input):
                                
                                
                                
                                
                                
                                
                                
                                
                                
         + +       +++          
       +#+#+#++++++###++        
       +################+++     
       +##++###############+    
       +#++ +++#++##########+   
       +##+++    +#+########+   
       +#####+++++++##++#+##+   
       +#############+   ++#+   
        +++++++++++++           
                                
                                
                                
                                
                                
                                
                                
                                
                                
                                

[ScanOCR]   Crop[0] inference took 6ms
[ScanOCR]   Char[0] "e" @ 61.2% | bbox=(0.90,0.00,0.10,0.25) | probs[min=6.89e-6 max=6.12e-1 sum=1.000] | top5: e(61.2%) p(16.9%) l(8.5%) f(5.4%) q(3.1%)
[ScanOCR]   Crop[0] full probs: a:0.1 b:0.6 c:0.1 d:1.6 e:61.2 f:5.4 g:0.6 h:0.1 i:0.1 j:0.0 k:0.2 l:8.5 m:0.0 n:0.0 o:0.2 p:16.9 q:3.1 r:0.9 s:0.0 t:0.2 u:0.0 v:0.1 w:0.0 x:0.0 y:0.0 z:0.0
[ScanOCR] FINAL count=1 (raw=1) text="e" rawText="e"
[Camera] OCR result: 1 characters found, rawText: "e"
