── recognizeHandwriting START uri=file:///data/user/0/com.letterlens.app/cache/ImageManipulator/d74e4ab9-ed02-44d6-be9c-f8442fa34acb.jpg
EXIF orientation: 0
Original image: 576x576
Working size: 576x576 (scale=1.0)
Gray stats: min=99 max=167 mean=132
Adaptive thresh: winHalf=23 offset=5
Binary: inkPixels=2448 (0.74%)
Polarity: normal (dark-on-light)
Line removal: detected 0 ruled lines (kernelW=460)
Line removal: skipped (0 ≤ 5 lines, not ruled paper)
After morph close (R=2): inkPixels=3442
Raw components: 243
  (skipping per-component dump; too many)
Filter: minDim=17.3 maxDim=489.6 minPx=86 aspect=1/5..5 edgeMargin=28
After filter: 3 components
Merge: medH=33 gapMaxX=19.8 gapMaxY=49.5
  MERGE lbl=99 + lbl=113 dx=0 dy=8
  MERGE lbl=99 + lbl=126 dx=0 dy=43
  MERGE lbl=113 + lbl=126 dx=0 dy=4
After merge: 1 character groups
  RECOVER lbl=108 (9x7, 41px) into group
  group#0 x=224 y=255 w=78 h=114 members=[99, 113, 126, 108]
Debug overlay saved: /storage/emulated/0/Android/data/com.letterlens.app/files/scanocr_debug_1782685881631.png
  grid: inkPx=2834/8892 (31.9%)
  28x28 grid:
                                
                                
                                
             ...                
            .###.               
           .#####.              
          .#######..            
          .#########.           
          .######.##.           
           .####....            
            .........           
            ....#####.          
           .#########.          
           .#########.          
            .########.          
            .###..##.           
            .#..  .....         
           .##..    .##.        
           .####....####.       
           .#############.      
           ##############.      
           .###########..       
            .##########.        
            .####......         
             ....               
                                
                                
                                

── recognizeHandwriting END count=1 took=249ms
[ScanOCR] Model loaded: uppercase letters (26 classes, took 0ms)
[ScanOCR]   Crop[0] pixel stats: 219/784 filled (27.9%), min=0.000 max=1.000 sum=161.6 avgNonZero=0.738
[ScanOCR]   Crop[0] inference took 4ms
[ScanOCR]   Char[0] "E" @ 99.3% | bbox=(0.39,0.44,0.14,0.20) | probs[min=3.34e-10 max=9.93e-1 sum=1.000] | top5: E(99.3%) G(0.5%) B(0.1%) S(0.0%) F(0.0%)
[ScanOCR] FINAL count=1 (raw=1) text="E" rawText="E"
[Camera] OCR result: 1 characters found, rawText: "E"
