── recognizeHandwriting START uri=file:///data/user/0/com.letterlens.app/cache/ImageManipulator/d3343e77-6df9-495a-9da0-4acc43394ba7.jpg
EXIF orientation: 0
Original image: 576x576
Working size: 576x576 (scale=1.0)
Gray stats: min=121 max=169 mean=150
Adaptive thresh: winHalf=23 offset=5
Binary: inkPixels=2232 (0.67%)
Polarity: normal (dark-on-light)
Line removal: detected 0 ruled lines (kernelW=460)
Line removal: skipped (0 ≤ 5 lines, not ruled paper)
After morph close (R=2): inkPixels=2995
Raw components: 43
  raw lbl=1 x=327 y=100 w=1 h=1 px=1
  raw lbl=2 x=471 y=158 w=1 h=1 px=1
  raw lbl=3 x=258 y=183 w=3 h=2 px=5
  raw lbl=4 x=266 y=184 w=2 h=1 px=2
  raw lbl=5 x=241 y=186 w=31 h=49 px=852
  raw lbl=6 x=142 y=189 w=35 h=71 px=1261
  raw lbl=7 x=514 y=189 w=4 h=3 px=8
  raw lbl=8 x=224 y=231 w=3 h=1 px=3
  raw lbl=9 x=68 y=239 w=2 h=1 px=2
  raw lbl=10 x=223 y=239 w=2 h=2 px=2
  raw lbl=11 x=143 y=240 w=1 h=1 px=1
  raw lbl=12 x=196 y=240 w=35 h=33 px=446
  raw lbl=13 x=276 y=252 w=1 h=1 px=1
  raw lbl=14 x=143 y=255 w=1 h=1 px=1
  raw lbl=15 x=276 y=255 w=6 h=8 px=27
  raw lbl=16 x=287 y=255 w=1 h=1 px=1
  raw lbl=17 x=145 y=263 w=1 h=1 px=1
  raw lbl=18 x=274 y=264 w=1 h=2 px=2
  raw lbl=19 x=175 y=265 w=1 h=1 px=1
  raw lbl=20 x=280 y=268 w=1 h=1 px=1
  raw lbl=21 x=161 y=269 w=1 h=3 px=3
  raw lbl=22 x=268 y=271 w=1 h=1 px=1
  raw lbl=23 x=286 y=271 w=3 h=3 px=4
  raw lbl=24 x=152 y=276 w=1 h=2 px=2
  raw lbl=25 x=272 y=276 w=5 h=5 px=11
  raw lbl=26 x=164 y=279 w=2 h=1 px=2
  raw lbl=27 x=151 y=280 w=28 h=30 px=248
  raw lbl=28 x=287 y=282 w=3 h=12 px=23
  raw lbl=29 x=296 y=300 w=1 h=1 px=1
  raw lbl=30 x=178 y=305 w=2 h=1 px=2
  raw lbl=31 x=278 y=309 w=2 h=1 px=2
  raw lbl=32 x=162 y=311 w=2 h=2 px=4
  raw lbl=33 x=283 y=312 w=2 h=3 px=3
  raw lbl=34 x=288 y=313 w=10 h=12 px=46
  raw lbl=35 x=159 y=315 w=1 h=2 px=2
  raw lbl=36 x=271 y=320 w=1 h=1 px=1
  raw lbl=37 x=300 y=320 w=1 h=1 px=1
  raw lbl=38 x=278 y=321 w=4 h=6 px=14
  raw lbl=39 x=298 y=359 w=1 h=2 px=2
  raw lbl=40 x=287 y=416 w=1 h=1 px=1
  raw lbl=41 x=392 y=524 w=1 h=1 px=1
  raw lbl=42 x=88 y=536 w=1 h=1 px=1
  raw lbl=43 x=103 y=575 w=1 h=1 px=1
Filter: minDim=23.0 maxDim=489.6 minPx=115 aspect=1/5..5 edgeMargin=28
  REJECT lbl=1 reason=tiny_bw_bh bw=0 bh=0 px=1
  REJECT lbl=2 reason=tiny_bw_bh bw=0 bh=0 px=1
  REJECT lbl=3 reason=tiny_bw_bh bw=2 bh=1 px=5
  REJECT lbl=4 reason=tiny_bw_bh bw=1 bh=0 px=2
  REJECT lbl=7 reason=too_small_dim(3<23) bw=3 bh=2 px=8
  REJECT lbl=8 reason=tiny_bw_bh bw=2 bh=0 px=3
  REJECT lbl=9 reason=tiny_bw_bh bw=1 bh=0 px=2
  REJECT lbl=10 reason=tiny_bw_bh bw=1 bh=1 px=2
  REJECT lbl=11 reason=tiny_bw_bh bw=0 bh=0 px=1
  REJECT lbl=13 reason=tiny_bw_bh bw=0 bh=0 px=1
  REJECT lbl=14 reason=tiny_bw_bh bw=0 bh=0 px=1
  REJECT lbl=15 reason=too_small_dim(7<23) bw=5 bh=7 px=27
  REJECT lbl=16 reason=tiny_bw_bh bw=0 bh=0 px=1
  REJECT lbl=17 reason=tiny_bw_bh bw=0 bh=0 px=1
  REJECT lbl=18 reason=tiny_bw_bh bw=0 bh=1 px=2
  REJECT lbl=19 reason=tiny_bw_bh bw=0 bh=0 px=1
  REJECT lbl=20 reason=tiny_bw_bh bw=0 bh=0 px=1
  REJECT lbl=21 reason=tiny_bw_bh bw=0 bh=2 px=3
  REJECT lbl=22 reason=tiny_bw_bh bw=0 bh=0 px=1
  REJECT lbl=23 reason=too_small_dim(2<23) bw=2 bh=2 px=4
  REJECT lbl=24 reason=tiny_bw_bh bw=0 bh=1 px=2
  REJECT lbl=25 reason=too_small_dim(4<23) bw=4 bh=4 px=11
  REJECT lbl=26 reason=tiny_bw_bh bw=1 bh=0 px=2
  REJECT lbl=28 reason=too_small_dim(11<23) bw=2 bh=11 px=23
  REJECT lbl=29 reason=tiny_bw_bh bw=0 bh=0 px=1
  REJECT lbl=30 reason=tiny_bw_bh bw=1 bh=0 px=2
  REJECT lbl=31 reason=tiny_bw_bh bw=1 bh=0 px=2
  REJECT lbl=32 reason=tiny_bw_bh bw=1 bh=1 px=4
  REJECT lbl=33 reason=tiny_bw_bh bw=1 bh=2 px=3
  REJECT lbl=34 reason=too_small_dim(11<23) bw=9 bh=11 px=46
  REJECT lbl=35 reason=tiny_bw_bh bw=0 bh=1 px=2
  REJECT lbl=36 reason=tiny_bw_bh bw=0 bh=0 px=1
  REJECT lbl=37 reason=tiny_bw_bh bw=0 bh=0 px=1
  REJECT lbl=38 reason=too_small_dim(5<23) bw=3 bh=5 px=14
  REJECT lbl=39 reason=tiny_bw_bh bw=0 bh=1 px=2
  REJECT lbl=40 reason=tiny_bw_bh bw=0 bh=0 px=1
  REJECT lbl=41 reason=tiny_bw_bh bw=0 bh=0 px=1
  REJECT lbl=42 reason=tiny_bw_bh bw=0 bh=0 px=1
  REJECT lbl=43 reason=tiny_bw_bh bw=0 bh=0 px=1
After filter: 4 components
Merge: medH=49 gapMaxX=19.6 gapMaxY=73.5
  MERGE lbl=5 + lbl=12 dx=11 dy=6
  MERGE lbl=6 + lbl=27 dx=0 dy=21
  MERGE lbl=12 + lbl=27 dx=18 dy=8
After merge: 1 character groups
  group#0 x=142 y=186 w=130 h=124 members=[5, 6, 12, 27]
Debug overlay saved: /storage/emulated/0/Android/data/com.letterlens.app/files/scanocr_debug_1781988937950.png
  grid: inkPx=2826/16120 (17.5%)
── recognizeHandwriting END count=1 took=329ms
[ScanOCR] Model loaded: uppercase letters (26 classes, took 0ms)
[ScanOCR]   Crop[0] pixel stats: 217/784 filled (27.7%), min=0.000 max=1.000 sum=152.6 avgNonZero=0.703
[ScanOCR]   Crop[0] inference took 7ms
[ScanOCR]   Char[0] "H" @ 95.1% | bbox=(0.25,0.32,0.23,0.22) | probs[min=3.87e-9 max=9.51e-1 sum=1.000] | top5: H(95.1%) W(2.3%) G(1.5%) E(0.5%) K(0.4%)
[ScanOCR] FINAL count=1 (raw=1) text="H" rawText="H"
[Camera] OCR result: 1 characters found, rawText: "H"
