── recognizeHandwriting START uri=file:///data/user/0/com.letterlens.app/cache/ImageManipulator/fe540ad3-1537-4be8-a4b0-742f3d7e1be7.jpg
EXIF orientation: 0
Original image: 576x576
Working size: 576x576 (scale=1.0)
Gray stats: min=79 max=155 mean=119
Adaptive thresh: winHalf=23 offset=5
Binary: inkPixels=4029 (1.21%)
Polarity: normal (dark-on-light)
Line removal: detected 0 ruled lines (kernelW=460)
Line removal: skipped (0 ≤ 5 lines, not ruled paper)
After morph close (R=2): inkPixels=5169
Raw components: 234
  (skipping per-component dump; too many)
Filter: minDim=17.3 maxDim=489.6 minPx=86 aspect=1/5..5 edgeMargin=28
After filter: 1 components
Merge: medH=157 gapMaxX=94.2 gapMaxY=235.5
After merge: 1 character groups
  RECOVER lbl=85 (5x4, 10px) into group
  RECOVER lbl=147 (4x5, 26px) into group
  RECOVER lbl=177 (5x3, 10px) into group
  group#0 x=169 y=212 w=126 h=196 members=[79, 85, 147, 177]
Debug overlay saved: /storage/emulated/0/Android/data/com.letterlens.app/files/scanocr_debug_1782086599468.png
  grid: inkPx=4601/24696 (18.6%)
  grid cleaned: removed 4 isolated pixels
  28x28 grid:
                                
                                
                                
            ..........          
           .##########.         
           .##########.         
          .##########.          
          .###.......           
          .####.                
          .####.                
           .###...              
           .###.##.             
           .######.             
           .######.             
           .######.             
           .##....              
          .####.                
          .####.    ..          
          .####.   .##.         
          .####.   .##.         
           ....     ..          
                                
                                
                                
                                
                                
                                
                                

── recognizeHandwriting END count=1 took=249ms
[ScanOCR] Model loaded: uppercase letters (26 classes, took 1ms)
[ScanOCR]   Crop[0] pixel stats: 155/784 filled (19.8%), min=0.000 max=1.000 sum=108.8 avgNonZero=0.702
[ScanOCR]   Crop[0] inference took 10ms
[ScanOCR]   Char[0] "E" @ 99.3% | bbox=(0.29,0.37,0.22,0.34) | probs[min=3.17e-9 max=9.93e-1 sum=1.000] | top5: E(99.3%) F(0.6%) G(0.1%) R(0.0%) S(0.0%)
[ScanOCR] FINAL count=1 (raw=1) text="E" rawText="E"
[Camera] OCR result: 1 characters found, rawText: "E"
