── recognizeHandwriting START uri=file:///data/user/0/com.letterlens.app/cache/ImageManipulator/afcf57de-03b4-476e-abe6-6fd0c3ae9f0d.jpg
EXIF orientation: 0
Original image: 576x576
Working size: 576x576 (scale=1.0)
Gray stats: min=130 max=172 mean=150
Adaptive thresh: winHalf=23 offset=5
Binary: inkPixels=1523 (0.46%)
Polarity: normal (dark-on-light)
Line removal: detected 0 ruled lines (kernelW=460)
Line removal: skipped (0 ≤ 5 lines, not ruled paper)
After morph close (R=2): inkPixels=2382
Raw components: 8
  raw lbl=1 x=263 y=226 w=28 h=23 px=291
  raw lbl=2 x=253 y=227 w=6 h=10 px=24
  raw lbl=3 x=247 y=236 w=6 h=7 px=20
  raw lbl=4 x=250 y=246 w=6 h=3 px=13
  raw lbl=5 x=247 y=251 w=12 h=22 px=124
  raw lbl=6 x=222 y=273 w=74 h=77 px=1908
  raw lbl=7 x=52 y=303 w=1 h=1 px=1
  raw lbl=8 x=291 y=327 w=1 h=1 px=1
Filter: minDim=23.0 maxDim=489.6 minPx=115 aspect=1/5..5 edgeMargin=28
  REJECT lbl=2 reason=too_small_dim(9<23) bw=5 bh=9 px=24
  REJECT lbl=3 reason=too_small_dim(6<23) bw=5 bh=6 px=20
  REJECT lbl=4 reason=too_small_dim(5<23) bw=5 bh=2 px=13
  REJECT lbl=5 reason=too_small_dim(21<23) bw=11 bh=21 px=124
  REJECT lbl=7 reason=tiny_bw_bh bw=0 bh=0 px=1
  REJECT lbl=8 reason=tiny_bw_bh bw=0 bh=0 px=1
After filter: 2 components
Merge: medH=77 gapMaxX=30.8 gapMaxY=115.5
  MERGE lbl=1 + lbl=6 dx=0 dy=25
After merge: 1 character groups
  group#0 x=222 y=226 w=74 h=124 members=[1, 6]
Debug overlay saved: /storage/emulated/0/Android/data/com.letterlens.app/files/scanocr_debug_1781988883903.png
  grid: inkPx=2381/9176 (25.9%)
── recognizeHandwriting END count=1 took=312ms
[ScanOCR] Model loaded: uppercase letters (26 classes, took 0ms)
[ScanOCR]   Crop[0] pixel stats: 180/784 filled (23.0%), min=0.000 max=1.000 sum=131.7 avgNonZero=0.732
[ScanOCR]   Crop[0] inference took 7ms
[ScanOCR]   Char[0] "S" @ 99.9% | bbox=(0.39,0.39,0.13,0.22) | probs[min=1.73e-8 max=9.99e-1 sum=1.000] | top5: S(99.9%) F(0.1%) E(0.0%) G(0.0%) J(0.0%)
[ScanOCR] FINAL count=1 (raw=1) text="S" rawText="S"
[Camera] OCR result: 1 characters found, rawText: "S"
