── recognizeHandwriting START uri=file:///data/user/0/com.letterlens.app/cache/ImageManipulator/c7bdbdd2-129e-4819-b861-b9376aff8f4d.jpg
EXIF orientation: 0
Original image: 576x576
Working size: 576x576 (scale=1.0)
Gray stats: min=75 max=194 mean=169
Adaptive thresh: winHalf=23 offset=5
Binary: inkPixels=4861 (1.47%)
Crease rejection: removed 284 weak pixels (thresh=159, range=119)
Polarity: normal (dark-on-light)
Line removal: detected 0 ruled lines (kernelW=460)
Line removal: skipped (0 ≤ 5 lines, not ruled paper)
After morph close (R=2): inkPixels=4934
Raw components: 41
  raw lbl=1 x=532 y=18 w=1 h=1 px=1
  raw lbl=2 x=529 y=21 w=1 h=1 px=1
  raw lbl=3 x=75 y=23 w=2 h=1 px=2
  raw lbl=4 x=559 y=160 w=1 h=1 px=1
  raw lbl=5 x=531 y=192 w=1 h=1 px=1
  raw lbl=6 x=124 y=214 w=90 h=163 px=4061
  raw lbl=7 x=559 y=252 w=1 h=3 px=3
  raw lbl=8 x=7 y=264 w=1 h=1 px=1
  raw lbl=9 x=127 y=352 w=1 h=1 px=1
  raw lbl=10 x=556 y=410 w=2 h=1 px=2
  raw lbl=11 x=103 y=434 w=1 h=1 px=1
  raw lbl=12 x=385 y=454 w=8 h=10 px=38
  raw lbl=13 x=432 y=476 w=18 h=59 px=436
  raw lbl=14 x=163 y=477 w=3 h=1 px=3
  raw lbl=15 x=357 y=479 w=1 h=1 px=1
  raw lbl=16 x=213 y=487 w=2 h=1 px=2
  raw lbl=17 x=236 y=488 w=1 h=1 px=1
  raw lbl=18 x=229 y=494 w=1 h=2 px=2
  raw lbl=19 x=485 y=494 w=1 h=2 px=2
  raw lbl=20 x=397 y=496 w=15 h=44 px=316
  raw lbl=21 x=542 y=497 w=2 h=2 px=3
  raw lbl=22 x=242 y=502 w=2 h=3 px=4
  raw lbl=23 x=119 y=503 w=1 h=1 px=1
  raw lbl=24 x=487 y=506 w=1 h=1 px=1
  raw lbl=25 x=519 y=516 w=1 h=1 px=1
  raw lbl=26 x=245 y=518 w=3 h=2 px=5
  raw lbl=27 x=253 y=519 w=1 h=1 px=1
  raw lbl=28 x=24 y=520 w=1 h=1 px=1
  raw lbl=29 x=160 y=536 w=1 h=1 px=1
  raw lbl=30 x=402 y=538 w=1 h=1 px=1
  raw lbl=31 x=232 y=541 w=1 h=2 px=2
  raw lbl=32 x=235 y=543 w=1 h=1 px=1
  raw lbl=33 x=445 y=559 w=1 h=1 px=1
  raw lbl=34 x=61 y=560 w=1 h=1 px=1
  raw lbl=35 x=253 y=561 w=2 h=4 px=5
  raw lbl=36 x=256 y=565 w=3 h=3 px=9
  raw lbl=37 x=74 y=567 w=1 h=2 px=2
  raw lbl=38 x=26 y=571 w=1 h=1 px=1
  raw lbl=39 x=255 y=571 w=1 h=2 px=2
  raw lbl=40 x=296 y=574 w=7 h=2 px=14
  raw lbl=41 x=253 y=575 w=1 h=1 px=1
Filter: minDim=17.3 maxDim=489.6 minPx=86 aspect=1/5..5 edgeMargin=28
  REJECT lbl=1 reason=tiny_bw_bh bw=0 bh=0 px=1
  REJECT lbl=2 reason=tiny_bw_bh bw=0 bh=0 px=1
  REJECT lbl=3 reason=tiny_bw_bh bw=1 bh=0 px=2
  REJECT lbl=4 reason=tiny_bw_bh bw=0 bh=0 px=1
  REJECT lbl=5 reason=tiny_bw_bh bw=0 bh=0 px=1
  REJECT lbl=7 reason=tiny_bw_bh bw=0 bh=2 px=3
  REJECT lbl=8 reason=tiny_bw_bh bw=0 bh=0 px=1
  REJECT lbl=9 reason=tiny_bw_bh bw=0 bh=0 px=1
  REJECT lbl=10 reason=tiny_bw_bh bw=1 bh=0 px=2
  REJECT lbl=11 reason=tiny_bw_bh bw=0 bh=0 px=1
  REJECT lbl=12 reason=too_small_dim(9<17) bw=7 bh=9 px=38
  REJECT lbl=14 reason=tiny_bw_bh bw=2 bh=0 px=3
  REJECT lbl=15 reason=tiny_bw_bh bw=0 bh=0 px=1
  REJECT lbl=16 reason=tiny_bw_bh bw=1 bh=0 px=2
  REJECT lbl=17 reason=tiny_bw_bh bw=0 bh=0 px=1
  REJECT lbl=18 reason=tiny_bw_bh bw=0 bh=1 px=2
  REJECT lbl=19 reason=tiny_bw_bh bw=0 bh=1 px=2
  REJECT lbl=21 reason=tiny_bw_bh bw=1 bh=1 px=3
  REJECT lbl=22 reason=tiny_bw_bh bw=1 bh=2 px=4
  REJECT lbl=23 reason=tiny_bw_bh bw=0 bh=0 px=1
  REJECT lbl=24 reason=tiny_bw_bh bw=0 bh=0 px=1
  REJECT lbl=25 reason=tiny_bw_bh bw=0 bh=0 px=1
  REJECT lbl=26 reason=tiny_bw_bh bw=2 bh=1 px=5
  REJECT lbl=27 reason=tiny_bw_bh bw=0 bh=0 px=1
  REJECT lbl=28 reason=tiny_bw_bh bw=0 bh=0 px=1
  REJECT lbl=29 reason=tiny_bw_bh bw=0 bh=0 px=1
  REJECT lbl=30 reason=tiny_bw_bh bw=0 bh=0 px=1
  REJECT lbl=31 reason=tiny_bw_bh bw=0 bh=1 px=2
  REJECT lbl=32 reason=tiny_bw_bh bw=0 bh=0 px=1
  REJECT lbl=33 reason=tiny_bw_bh bw=0 bh=0 px=1
  REJECT lbl=34 reason=tiny_bw_bh bw=0 bh=0 px=1
  REJECT lbl=35 reason=tiny_bw_bh bw=1 bh=3 px=5
  REJECT lbl=36 reason=too_small_dim(2<17) bw=2 bh=2 px=9
  REJECT lbl=37 reason=tiny_bw_bh bw=0 bh=1 px=2
  REJECT lbl=38 reason=tiny_bw_bh bw=0 bh=0 px=1
  REJECT lbl=39 reason=tiny_bw_bh bw=0 bh=1 px=2
  REJECT lbl=40 reason=tiny_bw_bh bw=6 bh=1 px=14
  REJECT lbl=41 reason=tiny_bw_bh bw=0 bh=0 px=1
After filter: 3 components
Merge: medH=59 gapMaxX=35.4 gapMaxY=88.5
  MERGE lbl=13 + lbl=20 dx=21 dy=0
After merge: 2 character groups
Keeping densest group: 90x163 ink=4061 (dropped 1 others)
  group#0 x=124 y=214 w=90 h=163 members=[6]
Debug overlay saved: /storage/emulated/0/Android/data/com.letterlens.app/files/scanocr_debug_1781991481776.png
  grid: inkPx=4062/14670 (27.7%)
  28x28 grid:
                                
                                
                                
                 ....           
                .####.          
               .#####.          
              .#######.         
             .########.         
             .###...##.         
            .####. .##.         
            .####..###.         
           .#####..###.         
           .##.##..##.          
           .##.######.          
           .##..####..          
           .#########.          
            .#########.         
            .####..####.        
             ....  .###.        
                    .###.       
            #       .###.       
                    .###.       
                    .###.       
                    .###.       
                     ...        
                                
                                
                                

── recognizeHandwriting END count=1 took=271ms
[ScanOCR] Model loaded: uppercase letters (26 classes, took 0ms)
[ScanOCR]   Crop[0] pixel stats: 184/784 filled (23.5%), min=0.000 max=1.000 sum=135.7 avgNonZero=0.738
[ScanOCR]   Crop[0] inference took 9ms
[ScanOCR]   Char[0] "Q" @ 67.3% | bbox=(0.22,0.37,0.16,0.28) | probs[min=1.21e-7 max=6.73e-1 sum=1.000] | top5: Q(67.3%) R(26.3%) B(5.3%) A(0.5%) G(0.3%)
[ScanOCR] FINAL count=1 (raw=1) text="Q" rawText="Q"
[Camera] OCR result: 1 characters found, rawText: "Q"
