── recognizeHandwriting START uri=file:///data/user/0/com.letterlens.app/cache/ImageManipulator/eaf2e346-408f-4dd7-b222-e56ef432293f.jpg
EXIF orientation: 0
Original image: 576x576
Working size: 576x576 (scale=1.0)
Gray stats: min=92 max=156 mean=134
Adaptive thresh: winHalf=23 offset=5
Binary: inkPixels=4573 (1.38%)
Polarity: normal (dark-on-light)
Line removal: detected 0 ruled lines (kernelW=460)
Line removal: skipped (0 ≤ 5 lines, not ruled paper)
After morph close (R=2): inkPixels=5344
Raw components: 180
  (skipping per-component dump; too many)
Filter: minDim=17.3 maxDim=489.6 minPx=86 aspect=1/5..5 edgeMargin=28
After filter: 2 components
Merge: medH=90 gapMaxX=54.0 gapMaxY=135.0
  MERGE lbl=42 + lbl=56 dx=0 dy=6
After merge: 1 character groups
  group#0 x=190 y=187 w=94 h=173 members=[42, 56]
Debug overlay saved: /storage/emulated/0/Android/data/com.letterlens.app/files/scanocr_debug_1782084907031.png
  grid: inkPx=5087/16262 (31.3%)
  28x28 grid:
                                
                                
                                
              ..........        
             .##########.       
            .###########.       
           .############.       
           .####........        
           .####.               
           .####.               
           .####.               
           .###.                
           .###.  ...           
            .###..###.          
            .########.          
            .########.          
            .#######.           
            .###....            
            .###.               
            .###.               
            .###.               
           .####.               
           .####.               
            .###.               
             ...                
                                
                                
                                

── recognizeHandwriting END count=1 took=249ms
[ScanOCR] Model loaded: uppercase letters (26 classes, took 0ms)
[ScanOCR]   Crop[0] pixel stats: 175/784 filled (22.3%), min=0.000 max=1.000 sum=127.4 avgNonZero=0.728
[ScanOCR]   Crop[0] inference took 8ms
[ScanOCR]   Char[0] "M" @ 96.7% | bbox=(0.33,0.32,0.16,0.30) | probs[min=2.22e-8 max=9.67e-1 sum=1.000] | top5: M(96.7%) A(2.2%) H(0.6%) T(0.4%) F(0.0%)
[ScanOCR] FINAL count=1 (raw=1) text="M" rawText="M"
[Camera] OCR result: 1 characters found, rawText: "M"
