── recognizeHandwriting START uri=file:///data/user/0/com.letterlens.app/cache/ImageManipulator/d6198867-7dbe-4503-b351-1feb16d11e52.jpg
EXIF orientation: 0
Original image: 1024x1365
Working size: 1024x1365 (scale=1.0)
Gray stats: min=93 max=183 mean=146
Adaptive thresh: winHalf=54 offset=5
Binary: inkPixels=6290 (0.45%)
Polarity: normal (dark-on-light)
Line removal: detected 0 ruled lines (kernelW=819)
Line removal: skipped (0 ≤ 5 lines, not ruled paper)
After morph close (R=3): inkPixels=7699
Raw components: 865
  (skipping per-component dump; too many)
Filter: minDim=54.6 maxDim=1160.3 minPx=273 aspect=1/8..8
After filter: 1 components
Merge: medH=129 gapMaxX=51.6 gapMaxY=193.5
After merge: 1 character groups
  group#0 x=270 y=632 w=92 h=129 members=[218]
Debug overlay saved: /storage/emulated/0/Android/data/com.letterlens.app/files/scanocr_debug_1781969814321.png
  grid: inkPx=4785/11868 (40.3%)
── recognizeHandwriting END count=1 took=1389ms
[ScanOCR] Model loaded: lowercase letters (26 classes, took 0ms)
[ScanOCR]   Crop[0] pixel stats: 202/784 filled (25.8%), min=0.000 max=1.000 sum=162.8 avgNonZero=0.806
[ScanOCR]   Crop[0] 28x28 grid:
                                
                                
                                
             ++++               
            +####+              
            +#####+             
            +#####+             
            +######+            
          ++#######+            
          #########+            
          +########+            
          +########+            
          +########+            
          +########+            
           +######+             
           +######+             
            +#####+             
             +#####++++++       
             +###########+      
             +###########+      
             +###########+      
              +##########+      
              +########++       
               +#####++         
                +++++           
                                
                                
                                

[ScanOCR]   Crop[0] transposed (model input):
                                
                                
                                
                                
                                
                                
            +#++++              
            +#####++            
        ++++########+           
       +#############++++       
       +#################++     
       +###################+    
       +####################+   
        +###################+   
         ++#######+++#######+   
           +++++++   +######+   
                     +######+   
                     +#####+    
                     +#####+    
                     +####+     
                     +####+     
                      ++++      
                                
                                
                                
                                
                                
                                

[ScanOCR]   Crop[0] inference took 8ms
[ScanOCR]   Char[0] "z" @ 27.5% | bbox=(0.26,0.46,0.09,0.09) | probs[min=1.38e-4 max=2.75e-1 sum=1.000] | top5: z(27.5%) t(27.0%) e(21.1%) q(13.0%) b(1.9%)
[ScanOCR]   Crop[0] full probs: a:0.7 b:1.9 c:0.4 d:0.3 e:21.1 f:0.9 g:1.0 h:0.2 i:0.5 j:0.1 k:0.3 l:1.3 m:0.0 n:0.2 o:0.2 p:0.9 q:13.0 r:1.2 s:0.5 t:27.0 u:0.0 v:0.1 w:0.0 x:0.3 y:0.1 z:27.5
[ScanOCR] FINAL count=1 (raw=1) text="z" rawText="z"
[Camera] OCR result: 1 characters found, rawText: "z"
