── recognizeHandwriting START uri=file:///data/user/0/com.letterlens.app/cache/ImageManipulator/0ae7a280-cca2-416c-abe8-586e3984c1f1.jpg
EXIF orientation: 0
Original image: 576x576
Working size: 576x576 (scale=1.0)
Gray stats: min=94 max=165 mean=136
Adaptive thresh: winHalf=23 offset=5
Binary: inkPixels=5511 (1.66%)
Polarity: normal (dark-on-light)
Line removal: detected 0 ruled lines (kernelW=460)
Line removal: skipped (0 ≤ 5 lines, not ruled paper)
After morph close (R=2): inkPixels=8216
Raw components: 511
  (skipping per-component dump; too many)
Filter: minDim=17.3 maxDim=489.6 minPx=86 aspect=1/5..5 edgeMargin=28
After filter: 2 components
Merge: medH=144 gapMaxX=86.4 gapMaxY=216.0
  MERGE lbl=257 + lbl=292 dx=0 dy=0
After merge: 1 character groups
  group#0 x=217 y=290 w=109 h=144 members=[257, 292]
Debug overlay saved: /storage/emulated/0/Android/data/com.letterlens.app/files/scanocr_debug_1782685861145.png
  grid: inkPx=6628/15696 (42.2%)
  28x28 grid:
                                
                                
                                
            ..............      
           .##############      
          .##############.      
         .###############.      
         .###########.##.       
         .#####.#.......        
          .###..    ..          
          .####.....##.         
          ######.######         
         ..###########.         
          ######.#####.         
         ..####...####.         
          #####.  ....          
          .###.                 
          .###.    ......       
          ####.....######.      
         ..#####.########.      
         .###############.      
         .###############.      
         .###########.##.       
          ..#####..#....        
            .....               
                                
                                
                                

── recognizeHandwriting END count=1 took=250ms
[ScanOCR] Model loaded: uppercase letters (26 classes, took 0ms)
[ScanOCR]   Crop[0] pixel stats: 296/784 filled (37.8%), min=0.000 max=1.000 sum=226.0 avgNonZero=0.764
[ScanOCR]   Crop[0] inference took 2ms
[ScanOCR]   Char[0] "E" @ 99.8% | bbox=(0.38,0.50,0.19,0.25) | probs[min=7.46e-14 max=9.98e-1 sum=1.000] | top5: E(99.8%) G(0.2%) B(0.0%) F(0.0%) Q(0.0%)
[ScanOCR] FINAL count=1 (raw=1) text="E" rawText="E"
[Camera] OCR result: 1 characters found, rawText: "E"
