── recognizeHandwriting START uri=file:///data/user/0/com.letterlens.app/cache/ImageManipulator/4cc9ccaa-3d9a-42cf-8970-778f78cbf7d7.jpg
EXIF orientation: 0
Original image: 576x576
Working size: 576x576 (scale=1.0)
Gray stats: min=20 max=171 mean=125
Adaptive thresh: winHalf=23 offset=5
Binary: inkPixels=3768 (1.14%)
Crease rejection: removed 296 weak pixels (thresh=126, range=151)
Polarity: normal (dark-on-light)
Line removal: detected 0 ruled lines (kernelW=460)
Line removal: skipped (0 ≤ 5 lines, not ruled paper)
After morph close (R=2): inkPixels=4123
Raw components: 264
  (skipping per-component dump; too many)
Filter: minDim=17.3 maxDim=489.6 minPx=86 aspect=1/5..5 edgeMargin=28
After filter: 2 components
Merge: medH=97 gapMaxX=58.2 gapMaxY=145.5
After merge: 2 character groups
Keeping densest group: 64x97 ink=2641 (dropped 1 others)
  group#0 x=194 y=300 w=64 h=97 members=[82]
Debug overlay saved: /storage/emulated/0/Android/data/com.letterlens.app/files/scanocr_debug_1782086545670.png
  grid: inkPx=2641/6208 (42.5%)
  28x28 grid:
                                
                                
                                
            .......             
           .#######.            
           .########.           
           .#########.          
           .###...###.          
           .###. .###.          
           .###. .###.          
           .###. .##.           
           .###..###.           
           ###..####..          
          ..##.#######.         
          .###.########.        
          .###.##..#####.       
          .###...  ..###.       
           .##.     .####.      
           .##.      .###.      
          .###.     ..###.      
          .####.....#####.      
          .#############.       
          .#############.       
           .#########...        
            .........           
                                
                                
                                

── recognizeHandwriting END count=1 took=258ms
[ScanOCR] Model loaded: uppercase letters (26 classes, took 0ms)
[ScanOCR]   Crop[0] pixel stats: 251/784 filled (32.0%), min=0.000 max=1.000 sum=185.2 avgNonZero=0.738
[ScanOCR]   Crop[0] inference took 5ms
[ScanOCR]   Char[0] "B" @ 100.0% | bbox=(0.34,0.52,0.11,0.17) | probs[min=3.91e-11 max=1.00e+0 sum=1.000] | top5: B(100.0%) G(0.0%) R(0.0%) S(0.0%) E(0.0%)
[ScanOCR] FINAL count=1 (raw=1) text="B" rawText="B"
[Camera] OCR result: 1 characters found, rawText: "B"
