── recognizeHandwriting START uri=file:///data/user/0/com.letterlens.app/cache/ImageManipulator/3d5473f3-e233-4059-b180-ba9b3f8b2689.jpg
EXIF orientation: 0
Original image: 576x576
Working size: 576x576 (scale=1.0)
Gray stats: min=101 max=175 mean=154
Adaptive thresh: winHalf=23 offset=5
Binary: inkPixels=5212 (1.57%)
Crease rejection: removed 1 weak pixels (thresh=153, range=74)
Polarity: normal (dark-on-light)
Line removal: detected 0 ruled lines (kernelW=460)
Line removal: skipped (0 ≤ 5 lines, not ruled paper)
After morph close (R=2): inkPixels=5662
Raw components: 9
  raw lbl=1 x=130 y=168 w=97 h=183 px=5652
  raw lbl=2 x=235 y=173 w=1 h=1 px=1
  raw lbl=3 x=231 y=239 w=1 h=1 px=1
  raw lbl=4 x=272 y=281 w=1 h=1 px=1
  raw lbl=5 x=272 y=287 w=1 h=2 px=2
  raw lbl=6 x=391 y=287 w=1 h=2 px=2
  raw lbl=7 x=496 y=399 w=1 h=1 px=1
  raw lbl=8 x=408 y=412 w=1 h=1 px=1
  raw lbl=9 x=175 y=536 w=1 h=1 px=1
Filter: minDim=17.3 maxDim=489.6 minPx=86 aspect=1/5..5 edgeMargin=28
  REJECT lbl=2 reason=tiny_bw_bh bw=0 bh=0 px=1
  REJECT lbl=3 reason=tiny_bw_bh bw=0 bh=0 px=1
  REJECT lbl=4 reason=tiny_bw_bh bw=0 bh=0 px=1
  REJECT lbl=5 reason=tiny_bw_bh bw=0 bh=1 px=2
  REJECT lbl=6 reason=tiny_bw_bh bw=0 bh=1 px=2
  REJECT lbl=7 reason=tiny_bw_bh bw=0 bh=0 px=1
  REJECT lbl=8 reason=tiny_bw_bh bw=0 bh=0 px=1
  REJECT lbl=9 reason=tiny_bw_bh bw=0 bh=0 px=1
After filter: 1 components
Merge: medH=183 gapMaxX=109.8 gapMaxY=274.5
After merge: 1 character groups
  group#0 x=130 y=168 w=97 h=183 members=[1]
Debug overlay saved: /storage/emulated/0/Android/data/com.letterlens.app/files/scanocr_debug_1781991555067.png
  grid: inkPx=5652/17751 (31.8%)
  28x28 grid:
                                
                                
                                
              .........         
             .#########.        
            .###########        
            .##########.        
           .####.......         
           .###.                
           .###.                
           .####.               
           .####.               
            .##.....            
            .#######.           
            .########.          
            .########.          
            .########.          
            .###.....           
            .###.               
            .###.               
            .###.               
           .####.               
           .####.               
            .###.               
             ...                
                                
                                
                                

── recognizeHandwriting END count=1 took=255ms
[ScanOCR] Model loaded: uppercase letters (26 classes, took 0ms)
[ScanOCR]   Crop[0] pixel stats: 169/784 filled (21.6%), min=0.000 max=1.000 sum=123.5 avgNonZero=0.731
[ScanOCR]   Crop[0] inference took 7ms
[ScanOCR]   Char[0] "F" @ 99.4% | bbox=(0.23,0.29,0.17,0.32) | probs[min=2.68e-11 max=9.94e-1 sum=1.000] | top5: F(99.4%) E(0.6%) S(0.0%) P(0.0%) G(0.0%)
[ScanOCR] FINAL count=1 (raw=1) text="F" rawText="F"
[Camera] OCR result: 1 characters found, rawText: "F"
