── recognizeHandwriting START uri=file:///data/user/0/com.letterlens.app/cache/ImageManipulator/4ebd9ffb-aca3-4ae1-8595-e59f23d00991.jpg
Original image: 1280x1706
Working size: 800x1066 (scale=0.625)
Gray stats: min=0 max=180 mean=148
Adaptive thresh: winHalf=88 offset=18
Binary: inkPixels=18128 (2.13%)
Raw components: 32
  raw lbl=1 x=749 y=0 w=51 h=363 px=13661
  raw lbl=2 x=84 y=27 w=1 h=1 px=1
  raw lbl=3 x=205 y=294 w=19 h=12 px=91
  raw lbl=4 x=202 y=299 w=1 h=1 px=1
  raw lbl=5 x=187 y=301 w=11 h=21 px=152
  raw lbl=6 x=205 y=301 w=2 h=1 px=2
  raw lbl=7 x=798 y=329 w=2 h=1 px=2
  raw lbl=8 x=789 y=336 w=1 h=2 px=2
  raw lbl=9 x=190 y=340 w=28 h=17 px=258
  raw lbl=10 x=797 y=340 w=3 h=2 px=4
  raw lbl=11 x=794 y=342 w=1 h=3 px=3
  raw lbl=12 x=797 y=343 w=3 h=3 px=6
  raw lbl=13 x=788 y=344 w=1 h=1 px=1
  raw lbl=14 x=220 y=349 w=1 h=1 px=1
  raw lbl=15 x=785 y=350 w=1 h=1 px=1
  raw lbl=16 x=792 y=354 w=5 h=8 px=20
  raw lbl=17 x=787 y=360 w=1 h=1 px=1
  raw lbl=18 x=787 y=362 w=1 h=1 px=1
  raw lbl=19 x=792 y=363 w=2 h=3 px=4
  raw lbl=20 x=774 y=364 w=8 h=13 px=40
  raw lbl=21 x=780 y=364 w=1 h=1 px=1
  raw lbl=22 x=797 y=364 w=1 h=1 px=1
  raw lbl=23 x=789 y=366 w=1 h=1 px=1
  raw lbl=24 x=795 y=367 w=1 h=1 px=1
  raw lbl=25 x=775 y=376 w=12 h=17 px=105
  raw lbl=26 x=777 y=391 w=4 h=6 px=10
  raw lbl=27 x=190 y=392 w=38 h=17 px=341
  raw lbl=28 x=784 y=395 w=1 h=1 px=1
  raw lbl=29 x=782 y=400 w=1 h=1 px=1
  raw lbl=30 x=779 y=475 w=21 h=370 px=3411
  raw lbl=31 x=799 y=546 w=1 h=1 px=1
  raw lbl=32 x=799 y=849 w=1 h=2 px=2
Filter: minDim=32.0 maxDim=906.1 minPx=426 aspect=1/8..8
  REJECT lbl=2 reason=tiny_bw_bh bw=0 bh=0 px=1
  REJECT lbl=3 reason=too_small_dim(18<32) bw=18 bh=11 px=91
  REJECT lbl=4 reason=tiny_bw_bh bw=0 bh=0 px=1
  REJECT lbl=5 reason=too_small_dim(20<32) bw=10 bh=20 px=152
  REJECT lbl=6 reason=tiny_bw_bh bw=1 bh=0 px=2
  REJECT lbl=7 reason=tiny_bw_bh bw=1 bh=0 px=2
  REJECT lbl=8 reason=tiny_bw_bh bw=0 bh=1 px=2
  REJECT lbl=9 reason=too_small_dim(27<32) bw=27 bh=16 px=258
  REJECT lbl=10 reason=tiny_bw_bh bw=2 bh=1 px=4
  REJECT lbl=11 reason=tiny_bw_bh bw=0 bh=2 px=3
  REJECT lbl=12 reason=too_small_dim(2<32) bw=2 bh=2 px=6
  REJECT lbl=13 reason=tiny_bw_bh bw=0 bh=0 px=1
  REJECT lbl=14 reason=tiny_bw_bh bw=0 bh=0 px=1
  REJECT lbl=15 reason=tiny_bw_bh bw=0 bh=0 px=1
  REJECT lbl=16 reason=too_small_dim(7<32) bw=4 bh=7 px=20
  REJECT lbl=17 reason=tiny_bw_bh bw=0 bh=0 px=1
  REJECT lbl=18 reason=tiny_bw_bh bw=0 bh=0 px=1
  REJECT lbl=19 reason=tiny_bw_bh bw=1 bh=2 px=4
  REJECT lbl=20 reason=too_small_dim(12<32) bw=7 bh=12 px=40
  REJECT lbl=21 reason=tiny_bw_bh bw=0 bh=0 px=1
  REJECT lbl=22 reason=tiny_bw_bh bw=0 bh=0 px=1
  REJECT lbl=23 reason=tiny_bw_bh bw=0 bh=0 px=1
  REJECT lbl=24 reason=tiny_bw_bh bw=0 bh=0 px=1
  REJECT lbl=25 reason=too_small_dim(16<32) bw=11 bh=16 px=105
  REJECT lbl=26 reason=too_small_dim(5<32) bw=3 bh=5 px=10
  REJECT lbl=27 reason=too_few_px(341<426) bw=37 bh=16 px=341
  REJECT lbl=28 reason=tiny_bw_bh bw=0 bh=0 px=1
  REJECT lbl=29 reason=tiny_bw_bh bw=0 bh=0 px=1
  REJECT lbl=30 reason=bad_aspect(0.05) bw=20 bh=369 px=3411
  REJECT lbl=31 reason=tiny_bw_bh bw=0 bh=0 px=1
  REJECT lbl=32 reason=tiny_bw_bh bw=0 bh=1 px=2
After filter: 1 components
Merge: medH=363 gapMaxX=145.2 gapMaxY=544.5
After merge: 1 character groups
  group#0 x=749 y=0 w=51 h=363 members=[1]
Debug overlay saved: /storage/emulated/0/Android/data/com.letterlens.app/files/scanocr_debug_1780169094566.png
── recognizeHandwriting END count=1 took=1038ms
[ScanOCR]   Char[0] "I" @ 55.5% | bbox=(0.94,0.00,0.06,0.34) | probs[min=2.78e-9 max=5.55e-1 sum=1.000] | top5: I(55.5%) L(44.2%) J(0.2%) Y(0.0%) D(0.0%)
[ScanOCR] FINAL count=1 (raw=1) text="I" rawText="I"
[Camera] OCR result: 1 characters found, rawText: "I"
