── recognizeHandwriting START uri=file:///data/user/0/com.letterlens.app/cache/ImageManipulator/0a9767a7-e524-4e52-a96f-4a36e698ef30.jpg
EXIF orientation: 0
Original image: 720x720
Working size: 720x720 (scale=1.0)
Gray stats: min=14 max=181 mean=145
Adaptive thresh: winHalf=28 offset=5
Binary: inkPixels=10695 (2.06%)
Crease rejection: removed 7844 weak pixels (thresh=131, range=167)
Polarity: normal (dark-on-light)
Line removal: detected 0 ruled lines (kernelW=576)
Line removal: skipped (0 ≤ 5 lines, not ruled paper)
After morph close (R=2): inkPixels=4273
Raw components: 181
  (skipping per-component dump; too many)
Filter: minDim=21.6 maxDim=612.0 minPx=108 aspect=1/5..5 edgeMargin=36
After filter: 4 components
Merge: medH=23 gapMaxX=13.8 gapMaxY=34.5
After merge: 4 character groups
Keeping densest group: 61x63 ink=1114 (dropped 3 others)
  group#0 x=240 y=351 w=61 h=63 members=[22]
Debug overlay saved: /storage/emulated/0/Android/data/com.letterlens.app/files/scanocr_debug_1783010820574.png
  grid: inkPx=1114/3843 (29.0%)
  28x28 grid:
                                
                                
                                
          .....                 
         .#####.                
         .######.    ..         
         .##.###.  ..##.        
         .##.###...#####.       
         .##############.       
         .#############.        
          .########.###.        
           ...###...###.        
             .##.  .###.        
            .###.  .##.         
            .###.  .##.         
           .###.   .##.         
           .###.   .##.   ..    
          .###.    .##.  .##.   
         .####.    .##...###.   
        .####.     .###.###.    
        .###.      .#######.    
       .####.       .#####.     
       .###.        .###..      
       .##.          ...        
        ..                      
                                
                                
                                

── recognizeHandwriting END count=1 took=380ms
[ScanOCR] Model loaded: lowercase letters (26 classes, took 0ms)
[ScanOCR]   Crop[0] pixel stats: 247/784 filled (31.5%), min=0.000 max=1.000 sum=179.1 avgNonZero=0.725
[ScanOCR]   Crop[0] inference took 8ms
[ScanOCR]   Char[0] "n" @ 69.6% | bbox=(0.33,0.49,0.08,0.09) | probs[min=8.15e-6 max=6.96e-1 sum=1.000] | top5: n(69.6%) m(13.6%) q(8.7%) x(2.6%) a(1.2%)
[ScanOCR] FINAL count=1 (raw=1) text="n" rawText="n"
[Camera] OCR result: 1 characters found, rawText: "n"
