── recognizeHandwriting START uri=file:///data/user/0/com.letterlens.app/cache/ImageManipulator/434173a9-e6d8-4fd5-9a40-d1439cea6891.jpg
EXIF orientation: 0
Original image: 576x576
Working size: 576x576 (scale=1.0)
Gray stats: min=122 max=178 mean=153
Adaptive thresh: winHalf=23 offset=5
Binary: inkPixels=2347 (0.71%)
Polarity: normal (dark-on-light)
Line removal: detected 0 ruled lines (kernelW=460)
Line removal: skipped (0 ≤ 5 lines, not ruled paper)
After morph close (R=2): inkPixels=4739
Raw components: 549
  (skipping per-component dump; too many)
Filter: minDim=17.3 maxDim=489.6 minPx=86 aspect=1/5..5 edgeMargin=28
After filter: 6 components
Merge: medH=31 gapMaxX=18.6 gapMaxY=46.5
  MERGE lbl=134 + lbl=151 dx=4 dy=0
  MERGE lbl=134 + lbl=201 dx=0 dy=38
  MERGE lbl=151 + lbl=201 dx=0 dy=27
  MERGE lbl=201 + lbl=283 dx=0 dy=0
  MERGE lbl=271 + lbl=282 dx=2 dy=0
  MERGE lbl=271 + lbl=283 dx=0 dy=0
  MERGE lbl=282 + lbl=283 dx=15 dy=0
After merge: 1 character groups
  RECOVER lbl=91 (4x8, 29px) into group
  RECOVER lbl=129 (3x5, 10px) into group
  RECOVER lbl=161 (0x6, 7px) into group
  RECOVER lbl=162 (2x2, 6px) into group
  RECOVER lbl=174 (1x3, 5px) into group
  RECOVER lbl=187 (1x5, 8px) into group
  RECOVER lbl=195 (5x1, 7px) into group
  RECOVER lbl=196 (2x4, 9px) into group
  RECOVER lbl=198 (7x6, 36px) into group
  RECOVER lbl=199 (6x4, 17px) into group
  RECOVER lbl=202 (7x3, 21px) into group
  RECOVER lbl=218 (4x4, 13px) into group
  RECOVER lbl=221 (0x4, 5px) into group
  RECOVER lbl=253 (2x2, 6px) into group
  RECOVER lbl=257 (9x10, 33px) into group
  RECOVER lbl=268 (0x5, 6px) into group
  RECOVER lbl=269 (7x13, 40px) into group
  RECOVER lbl=286 (5x1, 7px) into group
  RECOVER lbl=289 (4x0, 5px) into group
  RECOVER lbl=309 (4x3, 15px) into group
  RECOVER lbl=311 (17x13, 151px) into group
  RECOVER lbl=321 (3x3, 7px) into group
  RECOVER lbl=328 (2x1, 5px) into group
  RECOVER lbl=363 (5x0, 6px) into group
  group#0 x=113 y=144 w=228 h=269 members=[134, 151, 201, 271, 282, 283, 91, 129, 161, 162, 174, 187, 195, 196, 198, 199, 202, 218, 221, 253, 257, 268, 269, 286, 289, 309, 311, 321, 328, 363]
Debug overlay saved: /storage/emulated/0/Android/data/com.letterlens.app/files/scanocr_debug_1781991735406.png
  grid: inkPx=3513/61332 (5.7%)
  28x28 grid:
                                
                                
                                
         ..                     
         ##         #   .#.     
        ...    #.. .    .##.    
         #     .#.#..   .##.    
                .####.  ...     
               ..#####.  #      
              .#######.  ..     
         #.   .####...    #     
         ..#....####.    ...    
         .##.##.#####.   ##     
         ###.....#####.  ..     
         .##. # .#####.         
         .##..   ..####         
         .#.#...  .###..        
          .##.##...####...      
          .###########.###      
           ..########.....      
          ...#######.. .#       
         .##..##.##.  #...      
         .#..#.........###.     
          .#..#     ##.#.#.     
                    ... .       
                                
                                
                                

── recognizeHandwriting END count=1 took=300ms
[ScanOCR] Model loaded: uppercase letters (26 classes, took 0ms)
[ScanOCR]   Crop[0] pixel stats: 262/784 filled (33.4%), min=0.000 max=1.000 sum=172.4 avgNonZero=0.658
[ScanOCR]   Crop[0] inference took 8ms
[ScanOCR]   Char[0] "G" @ 86.8% | bbox=(0.20,0.25,0.40,0.47) | probs[min=7.28e-9 max=8.68e-1 sum=1.000] | top5: G(86.8%) H(6.5%) E(3.0%) Q(2.7%) A(0.8%)
[ScanOCR] FINAL count=1 (raw=1) text="G" rawText="G"
[Camera] OCR result: 1 characters found, rawText: "G"
