── recognizeHandwriting START uri=file:///data/user/0/com.letterlens.app/cache/ImageManipulator/6c5304eb-fb1f-4798-9975-18ccfa418d7f.jpg
EXIF orientation: 0
Original image: 576x576
Working size: 576x576 (scale=1.0)
Gray stats: min=106 max=160 mean=143
Adaptive thresh: winHalf=23 offset=5
Binary: inkPixels=2294 (0.69%)
Polarity: normal (dark-on-light)
Line removal: detected 0 ruled lines (kernelW=460)
Line removal: skipped (0 ≤ 5 lines, not ruled paper)
After morph close (R=2): inkPixels=4063
Raw components: 187
  (skipping per-component dump; too many)
Filter: minDim=23.0 maxDim=489.6 minPx=115 aspect=1/5..5 edgeMargin=28
After filter: 5 components
Merge: medH=42 gapMaxX=16.8 gapMaxY=63.0
  MERGE lbl=48 + lbl=58 dx=2 dy=0
  MERGE lbl=48 + lbl=80 dx=0 dy=30
  MERGE lbl=58 + lbl=80 dx=14 dy=0
  MERGE lbl=80 + lbl=97 dx=0 dy=0
  MERGE lbl=80 + lbl=107 dx=0 dy=27
After merge: 1 character groups
  group#0 x=167 y=241 w=106 h=168 members=[48, 58, 80, 97, 107]
Debug overlay saved: /storage/emulated/0/Android/data/com.letterlens.app/files/scanocr_debug_1781980066052.png
  grid: inkPx=3691/17808 (20.7%)
── recognizeHandwriting END count=1 took=247ms
[ScanOCR] Model loaded: uppercase letters (26 classes, took 0ms)
[ScanOCR]   Crop[0] pixel stats: 229/784 filled (29.2%), min=0.000 max=1.000 sum=163.2 avgNonZero=0.713
[ScanOCR]   Crop[0] inference took 2ms
[ScanOCR]   Char[0] "A" @ 45.4% | bbox=(0.29,0.42,0.18,0.29) | probs[min=6.72e-7 max=4.54e-1 sum=1.000] | top5: A(45.4%) Q(44.2%) B(4.8%) R(2.3%) M(1.2%)
[ScanOCR] FINAL count=1 (raw=1) text="A" rawText="A"
[Camera] OCR result: 1 characters found, rawText: "A"
