── recognizeHandwriting START uri=file:///data/user/0/com.letterlens.app/cache/ImageManipulator/e1cd5811-c9c4-4f45-b82a-4227dff5096b.jpg
EXIF orientation: 0
Original image: 576x576
Working size: 576x576 (scale=1.0)
Gray stats: min=83 max=166 mean=130
Adaptive thresh: winHalf=23 offset=5
Binary: inkPixels=4069 (1.23%)
Polarity: normal (dark-on-light)
Line removal: detected 0 ruled lines (kernelW=460)
Line removal: skipped (0 ≤ 5 lines, not ruled paper)
After morph close (R=2): inkPixels=6442
Raw components: 810
  (skipping per-component dump; too many)
Filter: minDim=17.3 maxDim=489.6 minPx=86 aspect=1/5..5 edgeMargin=28
After filter: 1 components
Merge: medH=118 gapMaxX=70.8 gapMaxY=177.0
After merge: 1 character groups
  RECOVER lbl=342 (6x5, 24px) into group
  RECOVER lbl=384 (11x4, 32px) into group
  RECOVER lbl=387 (5x3, 15px) into group
  RECOVER lbl=415 (6x5, 12px) into group
  group#0 x=137 y=246 w=125 h=118 members=[336, 342, 384, 387, 415]
Debug overlay saved: /storage/emulated/0/Android/data/com.letterlens.app/files/scanocr_debug_1782086514657.png
  grid: inkPx=3211/14750 (21.8%)
  grid cleaned: removed 6 isolated pixels
  28x28 grid:
                                
                                
                                
                                
                   .#..         
                  .####.        
                  .####.        
                 .#####.        
                 .#####.        
                 .#####.        
                  .####.        
                  .###...       
                ..#######.      
        ..     .#########.      
        ##.    .#########.      
        .#.    .#########.      
              .#####.####.      
              .####....##.      
             .####.   .###.     
             #####.  .####.     
             .####. .#####.     
             .####. .#####.     
             .###.   .....      
              ..#.              
                                
                                
                                
                                

── recognizeHandwriting END count=1 took=252ms
[ScanOCR] Model loaded: uppercase letters (26 classes, took 0ms)
[ScanOCR]   Crop[0] pixel stats: 188/784 filled (24.0%), min=0.000 max=1.000 sum=141.1 avgNonZero=0.751
[ScanOCR]   Crop[0] inference took 3ms
[ScanOCR]   Char[0] "H" @ 34.4% | bbox=(0.24,0.43,0.22,0.20) | probs[min=4.28e-6 max=3.44e-1 sum=1.000] | top5: H(34.4%) A(29.2%) M(21.0%) B(7.0%) G(4.5%)
[ScanOCR] FINAL count=1 (raw=1) text="H" rawText="H"
[Camera] OCR result: 1 characters found, rawText: "H"
