── recognizeHandwriting START uri=file:///data/user/0/com.letterlens.app/cache/ImageManipulator/322a983b-a284-4978-ac01-9c51377b87ab.jpg
EXIF orientation: 0
Original image: 576x432
Working size: 576x432 (scale=1.0)
Gray stats: min=116 max=164 mean=152
Adaptive thresh: winHalf=23 offset=5
Binary: inkPixels=3049 (1.23%)
Polarity: normal (dark-on-light)
Line removal: detected 0 ruled lines (kernelW=460)
Line removal: skipped (0 ≤ 5 lines, not ruled paper)
After morph close (R=3): inkPixels=3472
Raw components: 9
  raw lbl=1 x=243 y=61 w=51 h=26 px=818
  raw lbl=2 x=202 y=63 w=46 h=22 px=609
  raw lbl=3 x=296 y=75 w=1 h=2 px=2
  raw lbl=4 x=237 y=98 w=26 h=26 px=405
  raw lbl=5 x=258 y=126 w=43 h=26 px=689
  raw lbl=6 x=187 y=142 w=69 h=24 px=946
  raw lbl=7 x=191 y=167 w=1 h=1 px=1
  raw lbl=8 x=263 y=239 w=1 h=1 px=1
  raw lbl=9 x=223 y=295 w=1 h=1 px=1
Filter: minDim=23.0 maxDim=489.6 minPx=115 aspect=1/5..5 edgeMargin=28
  REJECT lbl=3 reason=tiny_bw_bh bw=0 bh=1 px=2
  REJECT lbl=7 reason=tiny_bw_bh bw=0 bh=0 px=1
  REJECT lbl=8 reason=tiny_bw_bh bw=0 bh=0 px=1
  REJECT lbl=9 reason=tiny_bw_bh bw=0 bh=0 px=1
After filter: 5 components
Merge: medH=26 gapMaxX=10.4 gapMaxY=39.0
  MERGE lbl=1 + lbl=2 dx=0 dy=0
  MERGE lbl=1 + lbl=4 dx=0 dy=12
  MERGE lbl=2 + lbl=4 dx=0 dy=14
  MERGE lbl=4 + lbl=5 dx=0 dy=3
  MERGE lbl=4 + lbl=6 dx=0 dy=19
  MERGE lbl=5 + lbl=6 dx=3 dy=0
After merge: 1 character groups
  group#0 x=187 y=61 w=114 h=105 members=[1, 2, 4, 5, 6]
Debug overlay saved: /storage/emulated/0/Android/data/com.letterlens.app/files/scanocr_debug_1781976363235.png
  grid: inkPx=3469/11970 (29.0%)
── recognizeHandwriting END count=1 took=197ms
[ScanOCR] Model loaded: uppercase letters (26 classes, took 0ms)
[ScanOCR]   Crop[0] pixel stats: 259/784 filled (33.0%), min=0.000 max=1.000 sum=189.0 avgNonZero=0.730
[ScanOCR]   Crop[0] inference took 10ms
[ScanOCR]   Char[0] "I" @ 64.2% | bbox=(0.32,0.14,0.20,0.24) | probs[min=9.89e-7 max=6.42e-1 sum=1.000] | top5: I(64.2%) J(10.8%) S(8.0%) F(7.1%) Z(6.4%)
[ScanOCR] FINAL count=1 (raw=1) text="I" rawText="I"
[Camera] OCR result: 1 characters found, rawText: "I"
