── recognizeHandwriting START uri=file:///data/user/0/com.letterlens.app/cache/ImageManipulator/5d630f98-6283-4839-b43e-3a366ae85684.jpg
EXIF orientation: 0
Original image: 576x576
Working size: 576x576 (scale=1.0)
Gray stats: min=108 max=166 mean=155
Adaptive thresh: winHalf=23 offset=5
Binary: inkPixels=2741 (0.83%)
Polarity: normal (dark-on-light)
Line removal: detected 0 ruled lines (kernelW=460)
Line removal: skipped (0 ≤ 5 lines, not ruled paper)
After morph close (R=2): inkPixels=3295
Raw components: 13
  raw lbl=1 x=162 y=207 w=2 h=1 px=2
  raw lbl=2 x=119 y=215 w=68 h=86 px=2397
  raw lbl=3 x=148 y=217 w=1 h=1 px=1
  raw lbl=4 x=107 y=301 w=27 h=37 px=504
  raw lbl=5 x=167 y=307 w=29 h=23 px=381
  raw lbl=6 x=136 y=309 w=1 h=1 px=1
  raw lbl=7 x=105 y=325 w=1 h=1 px=1
  raw lbl=8 x=106 y=328 w=1 h=1 px=1
  raw lbl=9 x=111 y=332 w=1 h=1 px=1
  raw lbl=10 x=224 y=338 w=1 h=1 px=1
  raw lbl=11 x=135 y=438 w=2 h=2 px=2
  raw lbl=12 x=161 y=447 w=2 h=1 px=2
  raw lbl=13 x=208 y=559 w=1 h=1 px=1
Filter: minDim=17.3 maxDim=489.6 minPx=86 aspect=1/5..5 edgeMargin=28
  REJECT lbl=1 reason=tiny_bw_bh bw=1 bh=0 px=2
  REJECT lbl=3 reason=tiny_bw_bh bw=0 bh=0 px=1
  REJECT lbl=6 reason=tiny_bw_bh bw=0 bh=0 px=1
  REJECT lbl=7 reason=tiny_bw_bh bw=0 bh=0 px=1
  REJECT lbl=8 reason=tiny_bw_bh bw=0 bh=0 px=1
  REJECT lbl=9 reason=tiny_bw_bh bw=0 bh=0 px=1
  REJECT lbl=10 reason=tiny_bw_bh bw=0 bh=0 px=1
  REJECT lbl=11 reason=tiny_bw_bh bw=1 bh=1 px=2
  REJECT lbl=12 reason=tiny_bw_bh bw=1 bh=0 px=2
  REJECT lbl=13 reason=tiny_bw_bh bw=0 bh=0 px=1
After filter: 3 components
Merge: medH=37 gapMaxX=22.2 gapMaxY=55.5
  MERGE lbl=2 + lbl=4 dx=0 dy=1
  MERGE lbl=2 + lbl=5 dx=0 dy=7
After merge: 1 character groups
  group#0 x=107 y=215 w=89 h=123 members=[2, 4, 5]
Debug overlay saved: /storage/emulated/0/Android/data/com.letterlens.app/files/scanocr_debug_1781991577724.png
  grid: inkPx=3285/10947 (30.0%)
  28x28 grid:
                                
                                
                                
                 .....          
                .#####.         
                .#####.         
                ######.         
                .#####.         
                .####.          
                .####.          
                 .##....        
              ....###.##.       
             .##########.       
            .###########.       
            .###########.       
            .#####.#####.       
           .######.###..        
           .#####.....          
          .####..  .#....       
          .#####   .#####.      
         .#####.   .######      
         .#####.   .#####.      
          .####.    .#.#.       
          .####.      .         
           ....                 
                                
                                
                                

── recognizeHandwriting END count=1 took=253ms
[ScanOCR] Model loaded: uppercase letters (26 classes, took 0ms)
[ScanOCR]   Crop[0] pixel stats: 214/784 filled (27.3%), min=0.000 max=1.000 sum=160.8 avgNonZero=0.751
[ScanOCR]   Crop[0] inference took 9ms
[ScanOCR]   Char[0] "E" @ 57.1% | bbox=(0.19,0.37,0.15,0.21) | probs[min=6.71e-7 max=5.71e-1 sum=1.000] | top5: E(57.1%) H(32.3%) G(3.3%) A(2.3%) R(1.8%)
[ScanOCR] FINAL count=1 (raw=1) text="E" rawText="E"
[Camera] OCR result: 1 characters found, rawText: "E"
