── recognizeHandwriting START uri=file:///data/user/0/com.letterlens.app/cache/ImageManipulator/5f4f845c-0fcd-4218-bced-bf674bd5cea1.jpg
EXIF orientation: 0
Original image: 576x576
Working size: 576x576 (scale=1.0)
Gray stats: min=104 max=158 mean=143
Adaptive thresh: winHalf=23 offset=5
Binary: inkPixels=3844 (1.16%)
Crease rejection: removed 13 weak pixels (thresh=142, range=54)
Polarity: normal (dark-on-light)
Line removal: detected 0 ruled lines (kernelW=460)
Line removal: skipped (0 ≤ 5 lines, not ruled paper)
After morph close (R=2): inkPixels=5220
Raw components: 126
  (skipping per-component dump; too many)
Filter: minDim=17.3 maxDim=489.6 minPx=86 aspect=1/5..5 edgeMargin=28
After filter: 3 components
Merge: medH=91 gapMaxX=54.6 gapMaxY=136.5
  MERGE lbl=36 + lbl=37 dx=15 dy=0
  MERGE lbl=37 + lbl=52 dx=0 dy=0
After merge: 1 character groups
  group#0 x=198 y=218 w=130 h=141 members=[36, 37, 52]
Debug overlay saved: /storage/emulated/0/Android/data/com.letterlens.app/files/scanocr_debug_1782685931366.png
  grid: inkPx=5017/18330 (27.4%)
  28x28 grid:
                                
                                
                                
          ...        ...        
        ..###.      .###.       
        #####.     .#####.      
        .#####.    .######      
        .#####.    .#####.      
        .#####.   ..####..      
         .####.  .##.####       
         .###....######...      
         ..##..######...##.     
         .###..#####. .####.    
         .###..#####. .####.    
        .###...####.  .####.    
        .####. ....   .###..    
        .####.        .####.    
        .####.        .####.    
        .####.         .####    
        .###.          .###..   
         ...           .####.   
                       .####.   
                       .####.   
                       .###.    
                        ...     
                                
                                
                                

── recognizeHandwriting END count=1 took=258ms
[ScanOCR] Model loaded: uppercase letters (26 classes, took 0ms)
[ScanOCR]   Crop[0] pixel stats: 267/784 filled (34.1%), min=0.000 max=1.000 sum=193.5 avgNonZero=0.725
[ScanOCR]   Crop[0] inference took 5ms
[ScanOCR]   Char[0] "M" @ 88.0% | bbox=(0.34,0.38,0.23,0.24) | probs[min=5.26e-8 max=8.80e-1 sum=1.000] | top5: M(88.0%) H(7.0%) A(2.0%) R(1.1%) W(0.8%)
[ScanOCR] FINAL count=1 (raw=1) text="M" rawText="M"
[Camera] OCR result: 1 characters found, rawText: "M"
