── recognizeHandwriting START uri=file:///data/user/0/com.letterlens.app/cache/ImageManipulator/416bf412-c895-488e-8188-53d52a2adb73.jpg
EXIF orientation: 0
Original image: 576x576
Working size: 576x576 (scale=1.0)
Gray stats: min=121 max=167 mean=146
Adaptive thresh: winHalf=23 offset=5
Binary: inkPixels=2548 (0.77%)
Polarity: normal (dark-on-light)
Line removal: detected 0 ruled lines (kernelW=460)
Line removal: skipped (0 ≤ 5 lines, not ruled paper)
After morph close (R=2): inkPixels=4618
Raw components: 173
  (skipping per-component dump; too many)
Filter: minDim=23.0 maxDim=489.6 minPx=115 aspect=1/5..5 edgeMargin=28
After filter: 5 components
Merge: medH=36 gapMaxX=14.4 gapMaxY=54.0
  MERGE lbl=44 + lbl=59 dx=0 dy=15
  MERGE lbl=47 + lbl=59 dx=0 dy=2
  MERGE lbl=59 + lbl=86 dx=0 dy=13
  MERGE lbl=59 + lbl=87 dx=0 dy=14
After merge: 1 character groups
  group#0 x=164 y=176 w=124 h=160 members=[44, 47, 59, 86, 87]
Debug overlay saved: /storage/emulated/0/Android/data/com.letterlens.app/files/scanocr_debug_1781980132958.png
  grid: inkPx=4404/19840 (22.2%)
── recognizeHandwriting END count=1 took=248ms
[ScanOCR] Model loaded: uppercase letters (26 classes, took 1ms)
[ScanOCR]   Crop[0] pixel stats: 249/784 filled (31.8%), min=0.000 max=1.000 sum=179.7 avgNonZero=0.722
[ScanOCR]   Crop[0] inference took 9ms
[ScanOCR]   Char[0] "A" @ 38.1% | bbox=(0.28,0.31,0.22,0.28) | probs[min=3.26e-6 max=3.81e-1 sum=1.000] | top5: A(38.1%) M(32.9%) W(10.2%) Q(5.2%) B(4.6%)
[ScanOCR] FINAL count=1 (raw=1) text="A" rawText="A"
[Camera] OCR result: 1 characters found, rawText: "A"
