── recognizeHandwriting START uri=file:///data/user/0/com.letterlens.app/cache/ImageManipulator/0675242f-3100-45e1-8047-6c14948276db.jpg
EXIF orientation: 0
Original image: 576x576
Working size: 576x576 (scale=1.0)
Gray stats: min=82 max=166 mean=127
Adaptive thresh: winHalf=23 offset=5
Binary: inkPixels=4371 (1.32%)
Polarity: normal (dark-on-light)
Line removal: detected 0 ruled lines (kernelW=460)
Line removal: skipped (0 ≤ 5 lines, not ruled paper)
After morph close (R=2): inkPixels=6874
Raw components: 593
  (skipping per-component dump; too many)
Filter: minDim=17.3 maxDim=489.6 minPx=86 aspect=1/5..5 edgeMargin=28
After filter: 4 components
Merge: medH=71 gapMaxX=42.6 gapMaxY=106.5
  MERGE lbl=220 + lbl=292 dx=0 dy=0
  MERGE lbl=220 + lbl=342 dx=0 dy=13
  MERGE lbl=220 + lbl=378 dx=8 dy=39
  MERGE lbl=292 + lbl=342 dx=0 dy=0
  MERGE lbl=292 + lbl=378 dx=0 dy=4
  MERGE lbl=342 + lbl=378 dx=15 dy=0
After merge: 1 character groups
  RECOVER lbl=182 (4x4, 16px) into group
  RECOVER lbl=190 (2x7, 15px) into group
  RECOVER lbl=256 (5x2, 14px) into group
  RECOVER lbl=289 (15x4, 23px) into group
  RECOVER lbl=325 (10x8, 44px) into group
  RECOVER lbl=404 (9x10, 38px) into group
  RECOVER lbl=435 (2x6, 13px) into group
  RECOVER lbl=442 (4x2, 13px) into group
  group#0 x=205 y=196 w=155 h=236 members=[220, 292, 342, 378, 182, 190, 256, 289, 325, 404, 435, 442]
Debug overlay saved: /storage/emulated/0/Android/data/com.letterlens.app/files/scanocr_debug_1782085008186.png
  grid: inkPx=5184/36580 (14.2%)
  grid cleaned: removed 5 isolated pixels
  28x28 grid:
                                
                                
                                
                                
                                
                                
                 ...            
                .###.           
               .####.           
              .######           
             .#####..           
             .####.....         
             .###.#####         
             .########.         
             #########.         
             .##...###.         
             ..###.###.         
              ########.         
              .#######.         
               .###..##.        
                ....###.        
                   .##.         
                    ..          
                                
                                
                                
                                
                                

── recognizeHandwriting END count=1 took=253ms
[ScanOCR] Model loaded: uppercase letters (26 classes, took 0ms)
[ScanOCR]   Crop[0] pixel stats: 130/784 filled (16.6%), min=0.000 max=1.000 sum=97.1 avgNonZero=0.747
[ScanOCR]   Crop[0] inference took 7ms
[ScanOCR]   Char[0] "M" @ 78.3% | bbox=(0.36,0.34,0.27,0.41) | probs[min=6.40e-6 max=7.83e-1 sum=1.000] | top5: M(78.3%) A(11.5%) Q(5.8%) R(0.9%) G(0.7%)
[ScanOCR] FINAL count=1 (raw=1) text="M" rawText="M"
[Camera] OCR result: 1 characters found, rawText: "M"
