── recognizeHandwriting START uri=file:///data/user/0/com.letterlens.app/cache/ImageManipulator/81fbf51f-e683-40d8-b52b-476be41c12d4.jpg
EXIF orientation: 0
Original image: 720x720
Working size: 720x720 (scale=1.0)
Gray stats: min=27 max=182 mean=149
Adaptive thresh: winHalf=28 offset=5
Binary: inkPixels=10190 (1.97%)
Crease rejection: removed 7751 weak pixels (thresh=136, range=155)
Polarity: normal (dark-on-light)
Line removal: detected 0 ruled lines (kernelW=576)
Line removal: skipped (0 ≤ 5 lines, not ruled paper)
After morph close (R=2): inkPixels=3022
Raw components: 163
  (skipping per-component dump; too many)
Filter: minDim=21.6 maxDim=612.0 minPx=108 aspect=1/5..5 edgeMargin=36
After filter: 1 components
Merge: medH=58 gapMaxX=34.8 gapMaxY=87.0
After merge: 1 character groups
  group#0 x=239 y=266 w=51 h=58 members=[23]
Debug overlay saved: /storage/emulated/0/Android/data/com.letterlens.app/files/scanocr_debug_1783010751206.png
  grid: inkPx=1086/2958 (36.7%)
  28x28 grid:
                                
                                
                                
                    ......      
                   .######.     
                  .########.    
                 .#########.    
                 .#########.    
                 .########.     
                 .########.     
                  .######.      
                  .#####.       
                 .######.       
                 .######.       
                .########.      
           .....####..###.      
           #########. .###.     
           .######.....####.    
           .###############.    
          .###############.     
         .#############...      
        .#####.........         
        .####.                  
        .###.                   
         ...                    
                                
                                
                                

── recognizeHandwriting END count=1 took=392ms
[ScanOCR] Model loaded: lowercase letters (26 classes, took 0ms)
[ScanOCR]   Crop[0] pixel stats: 234/784 filled (29.8%), min=0.000 max=1.000 sum=184.3 avgNonZero=0.788
[ScanOCR]   Crop[0] inference took 44ms
[ScanOCR]   Char[0] "f" @ 77.8% | bbox=(0.33,0.37,0.07,0.08) | probs[min=1.07e-6 max=7.78e-1 sum=1.000] | top5: f(77.8%) b(13.7%) g(2.5%) s(1.7%) p(1.3%)
[ScanOCR] FINAL count=1 (raw=1) text="f" rawText="f"
[Camera] OCR result: 1 characters found, rawText: "f"
