── recognizeHandwriting START uri=file:///data/user/0/com.letterlens.app/cache/ImageManipulator/cb07fbfe-eec0-46b9-90af-13c80c723048.jpg
EXIF orientation: 0
Original image: 432x432
Working size: 432x432 (scale=1.0)
Gray stats: min=126 max=164 mean=151
Adaptive thresh: winHalf=17 offset=5
Binary: inkPixels=935 (0.50%)
Polarity: normal (dark-on-light)
Line removal: detected 0 ruled lines (kernelW=345)
Line removal: skipped (0 ≤ 5 lines, not ruled paper)
After morph close (R=2): inkPixels=1462
Raw components: 25
  raw lbl=1 x=0 y=0 w=1 h=1 px=1
  raw lbl=2 x=216 y=79 w=1 h=1 px=1
  raw lbl=3 x=167 y=128 w=1 h=1 px=1
  raw lbl=4 x=121 y=143 w=1 h=1 px=1
  raw lbl=5 x=157 y=147 w=1 h=1 px=1
  raw lbl=6 x=290 y=165 w=24 h=21 px=272
  raw lbl=7 x=280 y=175 w=1 h=5 px=5
  raw lbl=8 x=176 y=181 w=30 h=23 px=329
  raw lbl=9 x=275 y=181 w=2 h=2 px=4
  raw lbl=10 x=280 y=187 w=1 h=1 px=1
  raw lbl=11 x=286 y=188 w=4 h=2 px=4
  raw lbl=12 x=211 y=191 w=61 h=26 px=620
  raw lbl=13 x=207 y=200 w=1 h=2 px=2
  raw lbl=14 x=224 y=210 w=7 h=4 px=13
  raw lbl=15 x=284 y=215 w=21 h=19 px=187
  raw lbl=16 x=236 y=216 w=1 h=1 px=1
  raw lbl=17 x=282 y=216 w=1 h=1 px=1
  raw lbl=18 x=316 y=217 w=1 h=2 px=2
  raw lbl=19 x=276 y=222 w=2 h=2 px=3
  raw lbl=20 x=306 y=232 w=2 h=2 px=3
  raw lbl=21 x=312 y=232 w=1 h=1 px=1
  raw lbl=22 x=24 y=248 w=1 h=1 px=1
  raw lbl=23 x=249 y=294 w=5 h=2 px=6
  raw lbl=24 x=303 y=312 w=1 h=1 px=1
  raw lbl=25 x=199 y=339 w=1 h=1 px=1
Filter: minDim=17.3 maxDim=367.2 minPx=86 aspect=1/5..5 edgeMargin=21
  REJECT lbl=1 reason=tiny_bw_bh bw=0 bh=0 px=1
  REJECT lbl=2 reason=tiny_bw_bh bw=0 bh=0 px=1
  REJECT lbl=3 reason=tiny_bw_bh bw=0 bh=0 px=1
  REJECT lbl=4 reason=tiny_bw_bh bw=0 bh=0 px=1
  REJECT lbl=5 reason=tiny_bw_bh bw=0 bh=0 px=1
  REJECT lbl=7 reason=tiny_bw_bh bw=0 bh=4 px=5
  REJECT lbl=9 reason=tiny_bw_bh bw=1 bh=1 px=4
  REJECT lbl=10 reason=tiny_bw_bh bw=0 bh=0 px=1
  REJECT lbl=11 reason=tiny_bw_bh bw=3 bh=1 px=4
  REJECT lbl=13 reason=tiny_bw_bh bw=0 bh=1 px=2
  REJECT lbl=14 reason=too_small_dim(6<17) bw=6 bh=3 px=13
  REJECT lbl=16 reason=tiny_bw_bh bw=0 bh=0 px=1
  REJECT lbl=17 reason=tiny_bw_bh bw=0 bh=0 px=1
  REJECT lbl=18 reason=tiny_bw_bh bw=0 bh=1 px=2
  REJECT lbl=19 reason=tiny_bw_bh bw=1 bh=1 px=3
  REJECT lbl=20 reason=tiny_bw_bh bw=1 bh=1 px=3
  REJECT lbl=21 reason=tiny_bw_bh bw=0 bh=0 px=1
  REJECT lbl=22 reason=tiny_bw_bh bw=0 bh=0 px=1
  REJECT lbl=23 reason=tiny_bw_bh bw=4 bh=1 px=6
  REJECT lbl=24 reason=tiny_bw_bh bw=0 bh=0 px=1
  REJECT lbl=25 reason=tiny_bw_bh bw=0 bh=0 px=1
After filter: 4 components
Merge: medH=23 gapMaxX=9.2 gapMaxY=34.5
  MERGE lbl=6 + lbl=15 dx=0 dy=30
  MERGE lbl=8 + lbl=12 dx=6 dy=0
After merge: 2 character groups
Keeping densest group: 96x36 ink=949 (dropped 1 others)
  group#0 x=176 y=181 w=96 h=36 members=[8, 12]
Debug overlay saved: /storage/emulated/0/Android/data/com.letterlens.app/files/scanocr_debug_1781988915362.png
  grid: inkPx=965/3456 (27.9%)
── recognizeHandwriting END count=1 took=184ms
[ScanOCR] Model loaded: uppercase letters (26 classes, took 0ms)
[ScanOCR]   Crop[0] pixel stats: 118/784 filled (15.1%), min=0.000 max=1.000 sum=83.0 avgNonZero=0.703
[ScanOCR]   Crop[0] inference took 6ms
[ScanOCR]   Char[0] "N" @ 50.2% | bbox=(0.41,0.42,0.22,0.08) | probs[min=8.25e-7 max=5.02e-1 sum=1.000] | top5: N(50.2%) M(46.0%) U(1.3%) D(0.8%) W(0.8%)
[ScanOCR] FINAL count=1 (raw=1) text="N" rawText="N"
[Camera] OCR result: 1 characters found, rawText: "N"
