── recognizeHandwriting START uri=file:///data/user/0/com.letterlens.app/cache/ImageManipulator/0df5130d-1515-4c4c-bfae-9dea7f51a7af.jpg
EXIF orientation: 0
Original image: 768x1024
Working size: 768x1024 (scale=1.0)
Gray stats: min=0 max=201 mean=151
Adaptive thresh: winHalf=40 offset=8
Binary: inkPixels=29172 (3.71%)
Polarity: normal (dark-on-light)
After morph close (R=2): inkPixels=31315
Raw components: 177
  (skipping per-component dump; too many)
Filter: minDim=41.0 maxDim=870.4 minPx=204 aspect=1/8..8
After filter: 6 components
Merge: medH=151 gapMaxX=60.4 gapMaxY=226.5
  MERGE lbl=45 + lbl=67 dx=0 dy=22
  MERGE lbl=45 + lbl=101 dx=0 dy=148
  MERGE lbl=67 + lbl=101 dx=0 dy=54
  MERGE lbl=78 + lbl=141 dx=0 dy=0
  MERGE lbl=78 + lbl=150 dx=0 dy=27
  MERGE lbl=141 + lbl=150 dx=0 dy=72
After merge: 2 character groups
Keeping largest group only: 187x811 (dropped 1 smaller)
  group#0 x=581 y=213 w=187 h=811 members=[78, 141, 150]
Debug overlay saved: /storage/emulated/0/Android/data/com.letterlens.app/files/scanocr_debug_1780256976333.png
── recognizeHandwriting END count=1 took=941ms
[ScanOCR]   Char[0] "I" @ 47.4% | bbox=(0.76,0.21,0.24,0.79) | probs[min=2.49e-4 max=4.74e-1 sum=1.000] | top5: I(47.4%) F(27.1%) S(4.2%) L(3.6%) P(2.5%)
[ScanOCR] FINAL count=1 (raw=1) text="I" rawText="I"
[Camera] OCR result: 1 characters found, rawText: "I"
