── recognizeHandwriting START uri=file:///data/user/0/com.letterlens.app/cache/ImageManipulator/3004a49e-c742-498c-a050-8c4da3b609b0.jpg
EXIF orientation: 0
Original image: 576x576
Working size: 576x576 (scale=1.0)
Gray stats: min=99 max=153 mean=138
Adaptive thresh: winHalf=23 offset=5
Binary: inkPixels=4033 (1.22%)
Crease rejection: removed 6 weak pixels (thresh=137, range=54)
Polarity: normal (dark-on-light)
Line removal: detected 0 ruled lines (kernelW=460)
Line removal: skipped (0 ≤ 5 lines, not ruled paper)
After morph close (R=2): inkPixels=4794
Raw components: 116
  (skipping per-component dump; too many)
Filter: minDim=17.3 maxDim=489.6 minPx=86 aspect=1/5..5 edgeMargin=28
After filter: 2 components
Merge: medH=125 gapMaxX=75.0 gapMaxY=187.5
  MERGE lbl=56 + lbl=63 dx=0 dy=0
After merge: 1 character groups
  group#0 x=170 y=293 w=92 h=125 members=[56, 63]
Debug overlay saved: /storage/emulated/0/Android/data/com.letterlens.app/files/scanocr_debug_1782086490337.png
  grid: inkPx=4600/11500 (40.0%)
  28x28 grid:
                                
                                
                                
                  .......       
           ......#.######.      
          .##############.      
          .#############.       
         .#############.        
         .##########...         
         .####......            
          ..#..  .....          
          .####..#####.         
         .#####..######.        
         .######.######.        
         .######.####..         
          .####......           
          .####.                
          .##...   ....#..      
          .####. ..#######.     
          .####..#########.     
          .##############.      
          .##############.      
          .###########...       
           .####......          
            ....                
                                
                                
                                

── recognizeHandwriting END count=1 took=250ms
[ScanOCR] Model loaded: uppercase letters (26 classes, took 0ms)
[ScanOCR]   Crop[0] pixel stats: 285/784 filled (36.4%), min=0.000 max=1.000 sum=212.9 avgNonZero=0.747
[ScanOCR]   Crop[0] inference took 4ms
[ScanOCR]   Char[0] "E" @ 100.0% | bbox=(0.30,0.51,0.16,0.22) | probs[min=3.81e-14 max=1.00e+0 sum=1.000] | top5: E(100.0%) G(0.0%) B(0.0%) F(0.0%) R(0.0%)
[ScanOCR] FINAL count=1 (raw=1) text="E" rawText="E"
[Camera] OCR result: 1 characters found, rawText: "E"
