── recognizeHandwriting START uri=file:///data/user/0/com.letterlens.app/cache/ImageManipulator/bf12c3db-11c0-45b3-89ca-bf5ea9a1ff7d.jpg
EXIF orientation: 0
Original image: 768x1024
Working size: 768x1024 (scale=1.0)
Gray stats: min=32 max=183 mean=151
Adaptive thresh: winHalf=40 offset=8
Binary: inkPixels=5938 (0.76%)
Polarity: normal (dark-on-light)
After morph close (R=2): inkPixels=6122
Raw components: 41
  raw lbl=1 x=73 y=0 w=8 h=16 px=79
  raw lbl=2 x=761 y=0 w=3 h=1 px=3
  raw lbl=3 x=764 y=9 w=4 h=5 px=15
  raw lbl=4 x=79 y=17 w=1 h=1 px=1
  raw lbl=5 x=766 y=24 w=2 h=1 px=2
  raw lbl=6 x=503 y=31 w=1 h=1 px=1
  raw lbl=7 x=86 y=44 w=2 h=1 px=2
  raw lbl=8 x=111 y=96 w=1 h=1 px=1
  raw lbl=9 x=115 y=100 w=1 h=1 px=1
  raw lbl=10 x=125 y=107 w=17 h=18 px=114
  raw lbl=11 x=514 y=143 w=2 h=3 px=4
  raw lbl=12 x=65 y=147 w=5 h=6 px=15
  raw lbl=13 x=86 y=192 w=32 h=42 px=376
  raw lbl=14 x=763 y=208 w=5 h=1 px=5
  raw lbl=15 x=373 y=212 w=19 h=26 px=302
  raw lbl=16 x=78 y=213 w=2 h=5 px=10
  raw lbl=17 x=136 y=227 w=1 h=1 px=1
  raw lbl=18 x=261 y=228 w=9 h=8 px=47
  raw lbl=19 x=498 y=234 w=2 h=3 px=5
  raw lbl=20 x=664 y=293 w=4 h=4 px=8
  raw lbl=21 x=90 y=300 w=1 h=1 px=1
  raw lbl=22 x=128 y=303 w=106 h=178 px=5031
  raw lbl=23 x=112 y=315 w=5 h=6 px=18
  raw lbl=24 x=88 y=319 w=4 h=8 px=18
  raw lbl=25 x=63 y=352 w=4 h=5 px=17
  raw lbl=26 x=512 y=358 w=1 h=2 px=2
  raw lbl=27 x=515 y=360 w=2 h=1 px=2
  raw lbl=28 x=378 y=383 w=1 h=1 px=1
  raw lbl=29 x=762 y=387 w=1 h=1 px=1
  raw lbl=30 x=370 y=416 w=1 h=1 px=1
  raw lbl=31 x=503 y=422 w=1 h=1 px=1
  raw lbl=32 x=512 y=432 w=1 h=1 px=1
  raw lbl=33 x=220 y=527 w=2 h=1 px=2
  raw lbl=34 x=54 y=636 w=2 h=1 px=2
  raw lbl=35 x=63 y=641 w=1 h=1 px=1
  raw lbl=36 x=53 y=647 w=3 h=2 px=3
  raw lbl=37 x=199 y=672 w=3 h=2 px=3
  raw lbl=38 x=60 y=679 w=4 h=9 px=18
  raw lbl=39 x=214 y=757 w=2 h=2 px=3
  raw lbl=40 x=203 y=768 w=2 h=1 px=2
  raw lbl=41 x=85 y=840 w=1 h=2 px=2
Filter: minDim=41.0 maxDim=870.4 minPx=204 aspect=1/8..8
  REJECT lbl=1 reason=too_small_dim(15<41) bw=7 bh=15 px=79
  REJECT lbl=2 reason=tiny_bw_bh bw=2 bh=0 px=3
  REJECT lbl=3 reason=too_small_dim(4<41) bw=3 bh=4 px=15
  REJECT lbl=4 reason=tiny_bw_bh bw=0 bh=0 px=1
  REJECT lbl=5 reason=tiny_bw_bh bw=1 bh=0 px=2
  REJECT lbl=6 reason=tiny_bw_bh bw=0 bh=0 px=1
  REJECT lbl=7 reason=tiny_bw_bh bw=1 bh=0 px=2
  REJECT lbl=8 reason=tiny_bw_bh bw=0 bh=0 px=1
  REJECT lbl=9 reason=tiny_bw_bh bw=0 bh=0 px=1
  REJECT lbl=10 reason=too_small_dim(17<41) bw=16 bh=17 px=114
  REJECT lbl=11 reason=tiny_bw_bh bw=1 bh=2 px=4
  REJECT lbl=12 reason=too_small_dim(5<41) bw=4 bh=5 px=15
  REJECT lbl=14 reason=tiny_bw_bh bw=4 bh=0 px=5
  REJECT lbl=15 reason=too_small_dim(25<41) bw=18 bh=25 px=302
  REJECT lbl=16 reason=tiny_bw_bh bw=1 bh=4 px=10
  REJECT lbl=17 reason=tiny_bw_bh bw=0 bh=0 px=1
  REJECT lbl=18 reason=too_small_dim(8<41) bw=8 bh=7 px=47
  REJECT lbl=19 reason=tiny_bw_bh bw=1 bh=2 px=5
  REJECT lbl=20 reason=too_small_dim(3<41) bw=3 bh=3 px=8
  REJECT lbl=21 reason=tiny_bw_bh bw=0 bh=0 px=1
  REJECT lbl=23 reason=too_small_dim(5<41) bw=4 bh=5 px=18
  REJECT lbl=24 reason=too_small_dim(7<41) bw=3 bh=7 px=18
  REJECT lbl=25 reason=too_small_dim(4<41) bw=3 bh=4 px=17
  REJECT lbl=26 reason=tiny_bw_bh bw=0 bh=1 px=2
  REJECT lbl=27 reason=tiny_bw_bh bw=1 bh=0 px=2
  REJECT lbl=28 reason=tiny_bw_bh bw=0 bh=0 px=1
  REJECT lbl=29 reason=tiny_bw_bh bw=0 bh=0 px=1
  REJECT lbl=30 reason=tiny_bw_bh bw=0 bh=0 px=1
  REJECT lbl=31 reason=tiny_bw_bh bw=0 bh=0 px=1
  REJECT lbl=32 reason=tiny_bw_bh bw=0 bh=0 px=1
  REJECT lbl=33 reason=tiny_bw_bh bw=1 bh=0 px=2
  REJECT lbl=34 reason=tiny_bw_bh bw=1 bh=0 px=2
  REJECT lbl=35 reason=tiny_bw_bh bw=0 bh=0 px=1
  REJECT lbl=36 reason=tiny_bw_bh bw=2 bh=1 px=3
  REJECT lbl=37 reason=tiny_bw_bh bw=2 bh=1 px=3
  REJECT lbl=38 reason=too_small_dim(8<41) bw=3 bh=8 px=18
  REJECT lbl=39 reason=tiny_bw_bh bw=1 bh=1 px=3
  REJECT lbl=40 reason=tiny_bw_bh bw=1 bh=0 px=2
  REJECT lbl=41 reason=tiny_bw_bh bw=0 bh=1 px=2
After filter: 2 components
Merge: medH=178 gapMaxX=71.2 gapMaxY=267.0
  MERGE lbl=13 + lbl=22 dx=11 dy=70
After merge: 1 character groups
  group#0 x=86 y=192 w=148 h=289 members=[13, 22]
Debug overlay saved: /storage/emulated/0/Android/data/com.letterlens.app/files/scanocr_debug_1780248416653.png
── recognizeHandwriting END count=1 took=585ms
[ScanOCR]   Char[0] "I" @ 37.0% | bbox=(0.11,0.19,0.19,0.28) | probs[min=6.48e-4 max=3.70e-1 sum=1.000] | top5: I(37.0%) F(21.8%) T(10.7%) C(6.7%) O(5.0%)
[ScanOCR] FINAL count=1 (raw=1) text="I" rawText="I"
[Camera] OCR result: 1 characters found, rawText: "I"
