── recognizeHandwriting START uri=file:///data/user/0/com.letterlens.app/cache/ImageManipulator/707f1ec8-0961-40ec-bba3-7d3faf72fd3e.jpg
EXIF orientation: 0
Original image: 576x576
Working size: 576x576 (scale=1.0)
Gray stats: min=117 max=161 mean=144
Adaptive thresh: winHalf=23 offset=5
Binary: inkPixels=3383 (1.02%)
Polarity: normal (dark-on-light)
Line removal: detected 0 ruled lines (kernelW=460)
Line removal: skipped (0 ≤ 5 lines, not ruled paper)
After morph close (R=2): inkPixels=5362
Raw components: 236
  (skipping per-component dump; too many)
Filter: minDim=23.0 maxDim=489.6 minPx=115 aspect=1/5..5 edgeMargin=28
After filter: 5 components
Merge: medH=40 gapMaxX=16.0 gapMaxY=60.0
  MERGE lbl=71 + lbl=91 dx=0 dy=10
  MERGE lbl=71 + lbl=93 dx=0 dy=14
  MERGE lbl=91 + lbl=93 dx=13 dy=0
  MERGE lbl=91 + lbl=118 dx=0 dy=1
  MERGE lbl=91 + lbl=119 dx=10 dy=1
  MERGE lbl=93 + lbl=118 dx=12 dy=30
  MERGE lbl=93 + lbl=119 dx=0 dy=30
  MERGE lbl=118 + lbl=119 dx=9 dy=0
After merge: 1 character groups
  group#0 x=143 y=211 w=103 h=146 members=[71, 91, 93, 118, 119]
Debug overlay saved: /storage/emulated/0/Android/data/com.letterlens.app/files/scanocr_debug_1781980040411.png
  grid: inkPx=5007/15038 (33.3%)
── recognizeHandwriting END count=1 took=262ms
[ScanOCR] Model loaded: uppercase letters (26 classes, took 0ms)
[ScanOCR]   Crop[0] pixel stats: 278/784 filled (35.5%), min=0.000 max=1.000 sum=205.2 avgNonZero=0.738
[ScanOCR]   Crop[0] inference took 3ms
[ScanOCR]   Char[0] "M" @ 68.6% | bbox=(0.25,0.37,0.18,0.25) | probs[min=2.26e-8 max=6.86e-1 sum=1.000] | top5: M(68.6%) A(25.6%) B(3.0%) R(2.0%) D(0.3%)
[ScanOCR] FINAL count=1 (raw=1) text="M" rawText="M"
[Camera] OCR result: 1 characters found, rawText: "M"
