── recognizeHandwriting START uri=file:///data/user/0/com.letterlens.app/cache/ImageManipulator/bbf17cda-d7b6-4cbb-b543-f7df9f6927a1.jpg
EXIF orientation: 0
Original image: 1024x1365
Working size: 1024x1365 (scale=1.0)
Gray stats: min=77 max=187 mean=146
Adaptive thresh: winHalf=54 offset=5
Binary: inkPixels=9650 (0.69%)
Polarity: normal (dark-on-light)
Line removal: detected 0 ruled lines (kernelW=819)
Line removal: skipped (0 ≤ 5 lines, not ruled paper)
After morph close (R=3): inkPixels=13167
Raw components: 1343
  (skipping per-component dump; too many)
Filter: minDim=54.6 maxDim=1160.3 minPx=273 aspect=1/8..8
After filter: 3 components
Merge: medH=119 gapMaxX=47.6 gapMaxY=178.5
  MERGE lbl=14 + lbl=90 dx=10 dy=112
After merge: 2 character groups
Keeping largest group only: 66x315 (dropped 1 smaller)
  group#0 x=815 y=47 w=66 h=315 members=[14, 90]
Debug overlay saved: /storage/emulated/0/Android/data/com.letterlens.app/files/scanocr_debug_1781969751666.png
  grid: inkPx=1686/20790 (8.1%)
── recognizeHandwriting END count=1 took=1401ms
[ScanOCR] Model loaded: lowercase letters (26 classes, took 0ms)
[ScanOCR]   Crop[0] pixel stats: 87/784 filled (11.1%), min=0.000 max=1.000 sum=55.5 avgNonZero=0.638
[ScanOCR]   Crop[0] 28x28 grid:
                                
                                
                                
              +#+               
              +##+              
              +###+             
              ++##+             
              +###+             
              +###+             
               +##+             
               +##+             
               +##+             
                +++#+           
                  ###           
                 ++++           
                 +#+            
                 +#+            
                 +##+           
                 ###+           
                 +##+           
                 +##+           
                 +##+           
                 +###           
                 +##+           
                  ++            
                                
                                
                                

[ScanOCR]   Crop[0] transposed (model input):
                                
                                
                                
                                
                                
                                
                                
                                
                                
                                
       ++++++                   
       ###+##+++                
       +########+               
        +#######+ ++++#+++++    
         ++++++++#+#########+   
                ##+++#######+   
                +#+  +++++#+    
                                
                                
                                
                                
                                
                                
                                
                                
                                
                                
                                

[ScanOCR]   Crop[0] inference took 7ms
[ScanOCR]   Char[0] "t" @ 70.3% | bbox=(0.80,0.03,0.06,0.23) | probs[min=8.52e-5 max=7.03e-1 sum=1.000] | top5: t(70.3%) f(6.5%) i(5.4%) l(5.3%) h(5.0%)
[ScanOCR]   Crop[0] full probs: a:0.0 b:0.2 c:0.3 d:0.1 e:0.0 f:6.5 g:0.1 h:5.0 i:5.4 j:3.7 k:0.4 l:5.3 m:0.0 n:0.1 o:0.0 p:0.1 q:0.2 r:0.3 s:0.1 t:70.3 u:0.1 v:0.1 w:0.0 x:0.3 y:1.2 z:0.3
[ScanOCR] FINAL count=1 (raw=1) text="t" rawText="t"
[Camera] OCR result: 1 characters found, rawText: "t"
