── recognizeHandwriting START uri=file:///data/user/0/com.letterlens.app/cache/ImageManipulator/5af00193-0a8e-44dc-bba7-4ebae431473c.jpg
EXIF orientation: 0
Original image: 576x576
Working size: 576x576 (scale=1.0)
Gray stats: min=98 max=165 mean=146
Adaptive thresh: winHalf=23 offset=5
Binary: inkPixels=3589 (1.08%)
Polarity: normal (dark-on-light)
Line removal: detected 0 ruled lines (kernelW=460)
Line removal: skipped (0 ≤ 5 lines, not ruled paper)
After morph close (R=2): inkPixels=5280
Raw components: 193
  (skipping per-component dump; too many)
Filter: minDim=23.0 maxDim=489.6 minPx=115 aspect=1/5..5 edgeMargin=28
After filter: 6 components
Merge: medH=44 gapMaxX=17.6 gapMaxY=66.0
  MERGE lbl=27 + lbl=48 dx=5 dy=21
  MERGE lbl=27 + lbl=58 dx=0 dy=38
  MERGE lbl=58 + lbl=74 dx=0 dy=0
  MERGE lbl=58 + lbl=87 dx=0 dy=28
  MERGE lbl=58 + lbl=107 dx=7 dy=62
  MERGE lbl=74 + lbl=107 dx=0 dy=9
After merge: 1 character groups
  group#0 x=128 y=159 w=154 h=213 members=[27, 48, 58, 74, 87, 107]
Debug overlay saved: /storage/emulated/0/Android/data/com.letterlens.app/files/scanocr_debug_1781984508985.png
  grid: inkPx=5015/32802 (15.3%)
── recognizeHandwriting END count=1 took=312ms
[ScanOCR] Model loaded: uppercase letters (26 classes, took 0ms)
[ScanOCR]   Crop[0] pixel stats: 250/784 filled (31.9%), min=0.000 max=1.000 sum=179.3 avgNonZero=0.717
[ScanOCR]   Crop[0] inference took 7ms
[ScanOCR]   Char[0] "G" @ 79.4% | bbox=(0.22,0.28,0.27,0.37) | probs[min=2.05e-10 max=7.94e-1 sum=1.000] | top5: G(79.4%) Q(19.7%) E(0.9%) B(0.0%) W(0.0%)
[ScanOCR] FINAL count=1 (raw=1) text="G" rawText="G"
[Camera] OCR result: 1 characters found, rawText: "G"
