── recognizeHandwriting START uri=file:///data/user/0/com.letterlens.app/cache/ImageManipulator/75394a71-8afb-4193-9a0c-02f59cb58085.jpg
Original image: 1280x960
Working size: 1280x960 (scale=1.0)
Gray stats: min=90 max=178 mean=148
Adaptive thresh: winHalf=51 offset=8
Binary: inkPixels=7717 (0.63%)
After morph close: inkPixels=8846
Raw components: 152
  (skipping per-component dump; too many)
Filter: minDim=25.6 maxDim=1088.0 minPx=128 aspect=1/8..8
After filter: 2 components
Merge: medH=132 gapMaxX=52.8 gapMaxY=198.0
  MERGE lbl=41 + lbl=46 dx=9 dy=0
After merge: 1 character groups
  group#0 x=475 y=562 w=225 h=132 members=[41, 46]
Debug overlay saved: /storage/emulated/0/Android/data/com.letterlens.app/files/scanocr_debug_1780173509446.png
── recognizeHandwriting END count=1 took=864ms
[ScanOCR]   Char[0] "W" @ 48.8% | bbox=(0.37,0.59,0.18,0.14) | probs[min=1.14e-4 max=4.88e-1 sum=1.000] | top5: W(48.8%) A(12.6%) U(8.2%) O(5.8%) Q(5.1%)
[ScanOCR] FINAL count=1 (raw=1) text="W" rawText="W"
[Camera] OCR result: 1 characters found, rawText: "W"
