── recognizeHandwriting START uri=file:///data/user/0/com.letterlens.app/cache/ImageManipulator/4febf6d8-026a-472b-b608-60ae5f52a2e7.jpg
EXIF orientation: 0
Original image: 576x576
Working size: 576x576 (scale=1.0)
Gray stats: min=116 max=162 mean=148
Adaptive thresh: winHalf=23 offset=5
Binary: inkPixels=2216 (0.67%)
Polarity: normal (dark-on-light)
Line removal: detected 0 ruled lines (kernelW=460)
Line removal: skipped (0 ≤ 5 lines, not ruled paper)
After morph close (R=2): inkPixels=3691
Raw components: 116
  (skipping per-component dump; too many)
Filter: minDim=17.3 maxDim=489.6 minPx=86 aspect=1/5..5 edgeMargin=28
After filter: 6 components
Merge: medH=32 gapMaxX=19.2 gapMaxY=48.0
  MERGE lbl=30 + lbl=60 dx=0 dy=36
  MERGE lbl=55 + lbl=60 dx=4 dy=0
  MERGE lbl=60 + lbl=92 dx=0 dy=21
After merge: 3 character groups
Keeping densest group: 108x177 ink=2790 (dropped 2 others)
  RECOVER lbl=35 (7x17, 39px) into group
  RECOVER lbl=46 (16x17, 128px) into group
  RECOVER lbl=58 (7x9, 60px) into group
  group#0 x=176 y=199 w=127 h=177 members=[30, 55, 60, 92, 35, 46, 58]
Debug overlay saved: /storage/emulated/0/Android/data/com.letterlens.app/files/scanocr_debug_1782686009332.png
  grid: inkPx=3017/22479 (13.4%)
  28x28 grid:
                                
                                
                                
           ...                  
          .###.                 
          ####.        .#.      
          .####        ##.      
          .#.#.        .#.      
           .##.                 
           .##.                 
           .##............      
           ..###.######.##.     
           .####.######.##.     
           .###########...      
           .#######....         
           .####...             
           .##..                
           .##.                 
           .###                 
            ...                 
              ...               
             .###.              
            .####.              
            .###.               
             ...                
                                
                                
                                

── recognizeHandwriting END count=1 took=250ms
[ScanOCR] Model loaded: uppercase letters (26 classes, took 0ms)
[ScanOCR]   Crop[0] pixel stats: 160/784 filled (20.4%), min=0.000 max=1.000 sum=107.5 avgNonZero=0.672
[ScanOCR]   Crop[0] inference took 5ms
[ScanOCR]   Char[0] "F" @ 45.0% | bbox=(0.31,0.35,0.22,0.31) | probs[min=9.09e-7 max=4.50e-1 sum=1.000] | top5: F(45.0%) E(42.9%) Y(3.9%) K(3.7%) H(3.5%)
[ScanOCR] FINAL count=1 (raw=1) text="F" rawText="F"
[Camera] OCR result: 1 characters found, rawText: "F"
