── recognizeHandwriting START uri=file:///data/user/0/com.letterlens.app/cache/ImageManipulator/7ede3a37-0195-4ca5-82b4-d91fc407241c.jpg
EXIF orientation: 0
Original image: 576x576
Working size: 576x576 (scale=1.0)
Gray stats: min=114 max=166 mean=143
Adaptive thresh: winHalf=23 offset=5
Binary: inkPixels=6028 (1.82%)
Polarity: normal (dark-on-light)
Line removal: detected 0 ruled lines (kernelW=460)
Line removal: skipped (0 ≤ 5 lines, not ruled paper)
After morph close (R=2): inkPixels=9575
Raw components: 610
  (skipping per-component dump; too many)
Filter: minDim=23.0 maxDim=489.6 minPx=115 aspect=1/5..5 edgeMargin=28
After filter: 2 components
Merge: medH=200 gapMaxX=80.0 gapMaxY=300.0
  MERGE lbl=132 + lbl=153 dx=1 dy=0
After merge: 1 character groups
  group#0 x=174 y=135 w=164 h=221 members=[132, 153]
Debug overlay saved: /storage/emulated/0/Android/data/com.letterlens.app/files/scanocr_debug_1781980114241.png
  grid: inkPx=8247/36244 (22.8%)
── recognizeHandwriting END count=1 took=251ms
[ScanOCR] Model loaded: uppercase letters (26 classes, took 0ms)
[ScanOCR]   Crop[0] pixel stats: 270/784 filled (34.4%), min=0.000 max=1.000 sum=185.3 avgNonZero=0.686
[ScanOCR]   Crop[0] inference took 9ms
[ScanOCR]   Char[0] "B" @ 38.1% | bbox=(0.30,0.23,0.28,0.38) | probs[min=1.03e-6 max=3.81e-1 sum=1.000] | top5: B(38.1%) A(32.8%) D(14.6%) Q(11.9%) G(1.4%)
[ScanOCR] FINAL count=1 (raw=1) text="B" rawText="B"
[Camera] OCR result: 1 characters found, rawText: "B"
